[2026/06/10-18:37:47] [INFO] ==================== CLEAN DATES ====================
[2026/06/10-18:37:47] [INFO] Searching invalid dates coming from OCR (i.e. so_info/so_date, so_info/req_deliv_date and both clearing dates)
[2026/06/10-18:37:48] [WARN] PO data /home/jorge/Documents/GitHub/TFM/data/processed/04_parse_dates/sales_orders/so-311346902/purchase_orders/4517445961/1-raw.csv doesnt have clearing date
[2026/06/10-18:37:48] [WARN] PO data /home/jorge/Documents/GitHub/TFM/data/processed/04_parse_dates/sales_orders/so-311346902/purchase_orders/4517445961/2-raw.csv doesnt have clearing date
[2026/06/10-18:37:48] [WARN] PO data /home/jorge/Documents/GitHub/TFM/data/processed/04_parse_dates/sales_orders/so-311338458/purchase_orders/4517423590/1-raw.csv doesnt have clearing date
[2026/06/10-18:37:48] [WARN] PO data /home/jorge/Documents/GitHub/TFM/data/processed/04_parse_dates/sales_orders/so-311347197/purchase_orders/4517447195/1-raw.csv doesnt have clearing date
[2026/06/10-18:37:48] [WARN] PO data /home/jorge/Documents/GitHub/TFM/data/processed/04_parse_dates/sales_orders/so-311348746/purchase_orders/4517447195/1-raw.csv doesnt have clearing date
[2026/06/10-18:37:48] [WARN] PO data /home/jorge/Documents/GitHub/TFM/data/processed/04_parse_dates/sales_orders/so-311348746/purchase_orders/4517447195/2-raw.csv doesnt have clearing date
[2026/06/10-18:37:48] [WARN] PO data /home/jorge/Documents/GitHub/TFM/data/processed/04_parse_dates/sales_orders/so-311348746/purchase_orders/4517447195/4-raw.csv doesnt have clearing date
[2026/06/10-18:37:48] [WARN] PO data /home/jorge/Documents/GitHub/TFM/data/processed/04_parse_dates/sales_orders/so-311348746/purchase_orders/4517447195/3-raw.csv doesnt have clearing date
[2026/06/10-18:37:48] [WARN] PO data /home/jorge/Documents/GitHub/TFM/data/processed/04_parse_dates/sales_orders/so-311347412/purchase_orders/4517450371/1-raw.csv doesnt have clearing date
[2026/06/10-18:37:48] [WARN] PO data /home/jorge/Documents/GitHub/TFM/data/processed/04_parse_dates/sales_orders/so-311347412/purchase_orders/4517450371/2-raw.csv doesnt have clearing date
[2026/06/10-18:37:48] [WARN] PO data /home/jorge/Documents/GitHub/TFM/data/processed/04_parse_dates/sales_orders/so-311347412/purchase_orders/4517505515/1-raw.csv has an invalid clearing date
[2026/06/10-18:37:48] [WARN] Sales invoice /home/jorge/Documents/GitHub/TFM/data/processed/04_parse_dates/sales_orders/so-311347412/sales_invoices/9400018332-raw.csv doesnt have clearing date
[2026/06/10-18:37:48] [WARN] Sales invoice /home/jorge/Documents/GitHub/TFM/data/processed/04_parse_dates/sales_orders/so-311350517/sales_invoices/9450000204-raw.csv doesnt have clearing date
[2026/06/10-18:37:48] [WARN] Sales invoice /home/jorge/Documents/GitHub/TFM/data/processed/04_parse_dates/sales_orders/so-311350517/sales_invoices/9450000241-raw.csv doesnt have clearing date
[2026/06/10-18:37:48] [WARN] PO data /home/jorge/Documents/GitHub/TFM/data/processed/04_parse_dates/sales_orders/so-311349363/purchase_orders/4517462265/1-raw.csv has an invalid clearing date
[2026/06/10-18:37:48] [WARN] PO data /home/jorge/Documents/GitHub/TFM/data/processed/04_parse_dates/sales_orders/so-311349363/purchase_orders/4517462265/2-raw.csv has an invalid clearing date
[2026/06/10-18:37:48] [WARN] Sales invoice /home/jorge/Documents/GitHub/TFM/data/processed/04_parse_dates/sales_orders/so-311349363/sales_invoices/9450000220-raw.csv doesnt have clearing date
[2026/06/10-18:37:48] [WARN] Sales invoice /home/jorge/Documents/GitHub/TFM/data/processed/04_parse_dates/sales_orders/so-311349363/sales_invoices/9450000197-raw.csv doesnt have clearing date
[2026/06/10-18:37:48] [WARN] Sales invoice /home/jorge/Documents/GitHub/TFM/data/processed/04_parse_dates/sales_orders/so-311369587/sales_invoices/9485101463-raw.csv doesnt have clearing date
[2026/06/10-18:37:48] [WARN] PO data /home/jorge/Documents/GitHub/TFM/data/processed/04_parse_dates/sales_orders/so-311348323/purchase_orders/4517447176/1-raw.csv doesnt have clearing date
[2026/06/10-18:37:48] [WARN] PO data /home/jorge/Documents/GitHub/TFM/data/processed/04_parse_dates/sales_orders/so-311336839/purchase_orders/4517434760/1-raw.csv doesnt have clearing date
[2026/06/10-18:37:48] [WARN] PO data /home/jorge/Documents/GitHub/TFM/data/processed/04_parse_dates/sales_orders/so-311336839/purchase_orders/4517434760/2-raw.csv doesnt have clearing date
[2026/06/10-18:37:48] [WARN] PO data /home/jorge/Documents/GitHub/TFM/data/processed/04_parse_dates/sales_orders/so-311336839/purchase_orders/4517434760/4-raw.csv doesnt have clearing date
[2026/06/10-18:37:48] [WARN] PO data /home/jorge/Documents/GitHub/TFM/data/processed/04_parse_dates/sales_orders/so-311336839/purchase_orders/4517434760/3-raw.csv doesnt have clearing date
[2026/06/10-18:37:49] [WARN] PO data /home/jorge/Documents/GitHub/TFM/data/processed/04_parse_dates/sales_orders/so-311367186/purchase_orders/4517492659/1-raw.csv doesnt have clearing date
[2026/06/10-18:37:49] [WARN] Sales invoice /home/jorge/Documents/GitHub/TFM/data/processed/04_parse_dates/sales_orders/so-311367186/sales_invoices/9400017600-raw.csv doesnt have clearing date
[2026/06/10-18:37:49] [WARN] PO data /home/jorge/Documents/GitHub/TFM/data/processed/04_parse_dates/sales_orders/so-311344263/purchase_orders/4517439045/1-raw.csv doesnt have clearing date
[2026/06/10-18:37:49] [WARN] PO data /home/jorge/Documents/GitHub/TFM/data/processed/04_parse_dates/sales_orders/so-311344263/purchase_orders/4517439045/2-raw.csv doesnt have clearing date
[2026/06/10-18:37:49] [WARN] Sales invoice /home/jorge/Documents/GitHub/TFM/data/processed/04_parse_dates/sales_orders/so-311369948/sales_invoices/9400018274-raw.csv doesnt have clearing date
[2026/06/10-18:37:49] [WARN] Sales invoice /home/jorge/Documents/GitHub/TFM/data/processed/04_parse_dates/sales_orders/so-311356972/sales_invoices/9450000313-raw.csv doesnt have clearing date
[2026/06/10-18:37:49] [WARN] Sales invoice /home/jorge/Documents/GitHub/TFM/data/processed/04_parse_dates/sales_orders/so-311356972/sales_invoices/9450000315-raw.csv doesnt have clearing date
[2026/06/10-18:37:49] [WARN] Sales invoice /home/jorge/Documents/GitHub/TFM/data/processed/04_parse_dates/sales_orders/so-311356972/sales_invoices/9450000311-raw.csv doesnt have clearing date
[2026/06/10-18:37:49] [WARN] PO data /home/jorge/Documents/GitHub/TFM/data/processed/04_parse_dates/sales_orders/so-311371707/purchase_orders/4517458696/1-raw.csv has an invalid clearing date
[2026/06/10-18:37:49] [WARN] PO data /home/jorge/Documents/GitHub/TFM/data/processed/04_parse_dates/sales_orders/so-311371707/purchase_orders/4517458696/2-raw.csv has an invalid clearing date
[2026/06/10-18:37:49] [WARN] PO data /home/jorge/Documents/GitHub/TFM/data/processed/04_parse_dates/sales_orders/so-0311342308/purchase_orders/4517443657/1-raw.csv doesnt have clearing date
[2026/06/10-18:37:49] [WARN] Sales invoice /home/jorge/Documents/GitHub/TFM/data/processed/04_parse_dates/sales_orders/so-0311342308/sales_invoices/9400008400-raw.csv doesnt have clearing date
[2026/06/10-18:37:49] [WARN] PO data /home/jorge/Documents/GitHub/TFM/data/processed/04_parse_dates/sales_orders/so-311364892/purchase_orders/4517487166/1-raw.csv doesnt have clearing date
[2026/06/10-18:37:49] [WARN] PO data /home/jorge/Documents/GitHub/TFM/data/processed/04_parse_dates/sales_orders/so-311364892/purchase_orders/4517487166/2-raw.csv doesnt have clearing date
[2026/06/10-18:37:49] [WARN] Sales invoice /home/jorge/Documents/GitHub/TFM/data/processed/04_parse_dates/sales_orders/so-311365938/sales_invoices/9400018155-raw.csv doesnt have clearing date
[2026/06/10-18:37:49] [WARN] PO data /home/jorge/Documents/GitHub/TFM/data/processed/04_parse_dates/sales_orders/so-311365236/purchase_orders/4517508164/1-raw.csv doesnt have clearing date
[2026/06/10-18:37:49] [WARN] Sales invoice /home/jorge/Documents/GitHub/TFM/data/processed/04_parse_dates/sales_orders/so-311365236/sales_invoices/9400016665-raw.csv doesnt have clearing date
[2026/06/10-18:37:49] [WARN] Sales invoice /home/jorge/Documents/GitHub/TFM/data/processed/04_parse_dates/sales_orders/so-311365236/sales_invoices/9405001746-raw.csv doesnt have clearing date
[2026/06/10-18:37:49] [WARN] PO data /home/jorge/Documents/GitHub/TFM/data/processed/04_parse_dates/sales_orders/so-311335423/purchase_orders/4517422167/1-raw.csv doesnt have clearing date
[2026/06/10-18:37:49] [WARN] Sales invoice /home/jorge/Documents/GitHub/TFM/data/processed/04_parse_dates/sales_orders/so-311335423/sales_invoices/9400007090-raw.csv doesnt have clearing date
[2026/06/10-18:37:49] [WARN] Sales invoice /home/jorge/Documents/GitHub/TFM/data/processed/04_parse_dates/sales_orders/so-311335423/sales_invoices/9485100460-raw.csv doesnt have clearing date
[2026/06/10-18:37:49] [WARN] Sales invoice /home/jorge/Documents/GitHub/TFM/data/processed/04_parse_dates/sales_orders/so-311335423/sales_invoices/9405000742-raw.csv doesnt have clearing date
[2026/06/10-18:37:49] [WARN] Sales invoice /home/jorge/Documents/GitHub/TFM/data/processed/04_parse_dates/sales_orders/so-311369565/sales_invoices/9400018357-raw.csv doesnt have clearing date
[2026/06/10-18:37:49] [WARN] PO data /home/jorge/Documents/GitHub/TFM/data/processed/04_parse_dates/sales_orders/so-94PO-00125/purchase_orders/4517445961/1-raw.csv doesnt have clearing date
[2026/06/10-18:37:49] [WARN] PO data /home/jorge/Documents/GitHub/TFM/data/processed/04_parse_dates/sales_orders/so-94PO-00125/purchase_orders/4517445961/2-raw.csv doesnt have clearing date
[2026/06/10-18:37:49] [WARN] PO data /home/jorge/Documents/GitHub/TFM/data/processed/04_parse_dates/sales_orders/so-311349455/purchase_orders/4517464145/3-raw.csv doesnt have clearing date
[2026/06/10-18:37:49] [WARN] Sales invoice /home/jorge/Documents/GitHub/TFM/data/processed/04_parse_dates/sales_orders/so-311349455/sales_invoices/9450000229-raw.csv doesnt have clearing date
[2026/06/10-18:37:49] [WARN] Sales invoice /home/jorge/Documents/GitHub/TFM/data/processed/04_parse_dates/sales_orders/so-311349455/sales_invoices/9450000230-raw.csv doesnt have clearing date
[2026/06/10-18:37:49] [WARN] Sales invoice /home/jorge/Documents/GitHub/TFM/data/processed/04_parse_dates/sales_orders/so-311349455/sales_invoices/9450000200-raw.csv doesnt have clearing date
[2026/06/10-18:37:49] [WARN] PO data /home/jorge/Documents/GitHub/TFM/data/processed/04_parse_dates/sales_orders/so-311365181/purchase_orders/4517486608/1-raw.csv doesnt have clearing date
[2026/06/10-18:37:49] [WARN] PO data /home/jorge/Documents/GitHub/TFM/data/processed/04_parse_dates/sales_orders/so-311365181/purchase_orders/4517486608/2-raw.csv doesnt have clearing date
[2026/06/10-18:37:49] [WARN] Sales invoice /home/jorge/Documents/GitHub/TFM/data/processed/04_parse_dates/sales_orders/so-311346418/sales_invoices/9450000196-raw.csv doesnt have clearing date
[2026/06/10-18:37:49] [WARN] PO data /home/jorge/Documents/GitHub/TFM/data/processed/04_parse_dates/sales_orders/so-311372991/purchase_orders/4517505897/1-raw.csv has an invalid clearing date
[2026/06/10-18:37:49] [WARN] PO data /home/jorge/Documents/GitHub/TFM/data/processed/04_parse_dates/sales_orders/so-311350163/purchase_orders/4517461894/1-raw.csv has an invalid clearing date
[2026/06/10-18:37:49] [WARN] Sales invoice /home/jorge/Documents/GitHub/TFM/data/processed/04_parse_dates/sales_orders/so-311350163/sales_invoices/9450000240-raw.csv doesnt have clearing date
[2026/06/10-18:37:49] [WARN] Sales invoice /home/jorge/Documents/GitHub/TFM/data/processed/04_parse_dates/sales_orders/so-311350163/sales_invoices/9450000208-raw.csv doesnt have clearing date
[2026/06/10-18:37:49] [WARN] PO data /home/jorge/Documents/GitHub/TFM/data/processed/04_parse_dates/sales_orders/so-311352270/purchase_orders/4517454240/1-raw.csv doesnt have clearing date
[2026/06/10-18:37:49] [WARN] PO data /home/jorge/Documents/GitHub/TFM/data/processed/04_parse_dates/sales_orders/so-311342829/purchase_orders/4517458696/1-raw.csv has an invalid clearing date
[2026/06/10-18:37:49] [WARN] PO data /home/jorge/Documents/GitHub/TFM/data/processed/04_parse_dates/sales_orders/so-311342829/purchase_orders/4517458696/2-raw.csv has an invalid clearing date
[2026/06/10-18:37:49] [WARN] PO data /home/jorge/Documents/GitHub/TFM/data/processed/04_parse_dates/sales_orders/so-94PO-00101/purchase_orders/4517505347/1-raw.csv has an invalid clearing date
[2026/06/10-18:37:49] [WARN] PO data /home/jorge/Documents/GitHub/TFM/data/processed/04_parse_dates/sales_orders/so-311370001/purchase_orders/4517503921/1-raw.csv doesnt have clearing date
[2026/06/10-18:37:49] [WARN] PO data /home/jorge/Documents/GitHub/TFM/data/processed/04_parse_dates/sales_orders/so-311370001/purchase_orders/4517503921/2-raw.csv doesnt have clearing date
[2026/06/10-18:37:49] [WARN] PO data /home/jorge/Documents/GitHub/TFM/data/processed/04_parse_dates/sales_orders/so-311370001/purchase_orders/4517503921/3-raw.csv doesnt have clearing date
[2026/06/10-18:37:49] [WARN] PO data /home/jorge/Documents/GitHub/TFM/data/processed/04_parse_dates/sales_orders/so-311344974/purchase_orders/4517451817/1-raw.csv doesnt have clearing date
[2026/06/10-18:37:49] [WARN] PO data /home/jorge/Documents/GitHub/TFM/data/processed/04_parse_dates/sales_orders/so-311344974/purchase_orders/4517451817/2-raw.csv doesnt have clearing date
[2026/06/10-18:37:49] [WARN] PO data /home/jorge/Documents/GitHub/TFM/data/processed/04_parse_dates/sales_orders/so-311344974/purchase_orders/4517451817/3-raw.csv doesnt have clearing date
[2026/06/10-18:37:49] [WARN] PO data /home/jorge/Documents/GitHub/TFM/data/processed/04_parse_dates/sales_orders/so-311336869/purchase_orders/4517449881/1-raw.csv doesnt have clearing date
[2026/06/10-18:37:49] [WARN] PO data /home/jorge/Documents/GitHub/TFM/data/processed/04_parse_dates/sales_orders/so-311336869/purchase_orders/4517449881/2-raw.csv doesnt have clearing date
[2026/06/10-18:37:49] [WARN] PO data /home/jorge/Documents/GitHub/TFM/data/processed/04_parse_dates/sales_orders/so-311336869/purchase_orders/4517449881/4-raw.csv doesnt have clearing date
[2026/06/10-18:37:49] [WARN] PO data /home/jorge/Documents/GitHub/TFM/data/processed/04_parse_dates/sales_orders/so-311336869/purchase_orders/4517449881/3-raw.csv doesnt have clearing date
[2026/06/10-18:37:49] [WARN] PO data /home/jorge/Documents/GitHub/TFM/data/processed/04_parse_dates/sales_orders/so-311336869/purchase_orders/4517434458/1-raw.csv doesnt have clearing date
[2026/06/10-18:37:49] [WARN] PO data /home/jorge/Documents/GitHub/TFM/data/processed/04_parse_dates/sales_orders/so-311336869/purchase_orders/4517434458/2-raw.csv doesnt have clearing date
[2026/06/10-18:37:49] [WARN] PO data /home/jorge/Documents/GitHub/TFM/data/processed/04_parse_dates/sales_orders/so-311336869/purchase_orders/4517434458/3-raw.csv doesnt have clearing date
[2026/06/10-18:37:49] [WARN] PO data /home/jorge/Documents/GitHub/TFM/data/processed/04_parse_dates/sales_orders/so-311336869/purchase_orders/4517453854/1-raw.csv doesnt have clearing date
[2026/06/10-18:37:50] [WARN] PO data /home/jorge/Documents/GitHub/TFM/data/processed/04_parse_dates/sales_orders/so-311336869/purchase_orders/4517443657/1-raw.csv doesnt have clearing date
[2026/06/10-18:37:50] [WARN] Sales invoice /home/jorge/Documents/GitHub/TFM/data/processed/04_parse_dates/sales_orders/so-311336869/sales_invoices/9485100683-raw.csv doesnt have clearing date
[2026/06/10-18:37:50] [WARN] Sales invoice /home/jorge/Documents/GitHub/TFM/data/processed/04_parse_dates/sales_orders/so-311366943/sales_invoices/9400017769-raw.csv doesnt have clearing date
[2026/06/10-18:37:50] [WARN] PO data /home/jorge/Documents/GitHub/TFM/data/processed/04_parse_dates/sales_orders/so-311343400/purchase_orders/4517435696/9-raw.csv doesnt have clearing date
[2026/06/10-18:37:50] [WARN] PO data /home/jorge/Documents/GitHub/TFM/data/processed/04_parse_dates/sales_orders/so-311343400/purchase_orders/4517435696/7-raw.csv doesnt have clearing date
[2026/06/10-18:37:50] [WARN] PO data /home/jorge/Documents/GitHub/TFM/data/processed/04_parse_dates/sales_orders/so-311343400/purchase_orders/4517435696/8-raw.csv doesnt have clearing date
[2026/06/10-18:37:50] [WARN] PO data /home/jorge/Documents/GitHub/TFM/data/processed/04_parse_dates/sales_orders/so-311343400/purchase_orders/4517435696/6-raw.csv doesnt have clearing date
[2026/06/10-18:37:50] [WARN] PO data /home/jorge/Documents/GitHub/TFM/data/processed/04_parse_dates/sales_orders/so-311343400/purchase_orders/4517435696/1-raw.csv doesnt have clearing date
[2026/06/10-18:37:50] [WARN] PO data /home/jorge/Documents/GitHub/TFM/data/processed/04_parse_dates/sales_orders/so-311343400/purchase_orders/4517435696/5-raw.csv doesnt have clearing date
[2026/06/10-18:37:50] [WARN] PO data /home/jorge/Documents/GitHub/TFM/data/processed/04_parse_dates/sales_orders/so-311343400/purchase_orders/4517435696/2-raw.csv doesnt have clearing date
[2026/06/10-18:37:50] [WARN] PO data /home/jorge/Documents/GitHub/TFM/data/processed/04_parse_dates/sales_orders/so-311343400/purchase_orders/4517435696/4-raw.csv doesnt have clearing date
[2026/06/10-18:37:50] [WARN] PO data /home/jorge/Documents/GitHub/TFM/data/processed/04_parse_dates/sales_orders/so-311343400/purchase_orders/4517435696/3-raw.csv doesnt have clearing date
[2026/06/10-18:37:50] [WARN] PO data /home/jorge/Documents/GitHub/TFM/data/processed/04_parse_dates/sales_orders/so-311358411/purchase_orders/4517490633/1-raw.csv doesnt have clearing date
[2026/06/10-18:37:50] [WARN] PO data /home/jorge/Documents/GitHub/TFM/data/processed/04_parse_dates/sales_orders/so-311358411/purchase_orders/4517490633/2-raw.csv doesnt have clearing date
[2026/06/10-18:37:50] [WARN] PO data /home/jorge/Documents/GitHub/TFM/data/processed/04_parse_dates/sales_orders/so-311358411/purchase_orders/4517490633/3-raw.csv doesnt have clearing date
[2026/06/10-18:37:50] [WARN] PO data /home/jorge/Documents/GitHub/TFM/data/processed/04_parse_dates/sales_orders/so-311339317/purchase_orders/4517424744/1-raw.csv doesnt have clearing date
[2026/06/10-18:37:50] [WARN] PO data /home/jorge/Documents/GitHub/TFM/data/processed/04_parse_dates/sales_orders/so-311339317/purchase_orders/4517424744/2-raw.csv doesnt have clearing date
[2026/06/10-18:37:50] [WARN] PO data /home/jorge/Documents/GitHub/TFM/data/processed/04_parse_dates/sales_orders/so-311368706/purchase_orders/4517490510/1-raw.csv has an invalid clearing date
[2026/06/10-18:37:50] [WARN] PO data /home/jorge/Documents/GitHub/TFM/data/processed/04_parse_dates/sales_orders/so-311368706/purchase_orders/4517468306/1-raw.csv has an invalid clearing date
[2026/06/10-18:37:50] [WARN] PO data /home/jorge/Documents/GitHub/TFM/data/processed/04_parse_dates/sales_orders/so-311368706/purchase_orders/4517503107/1-raw.csv has an invalid clearing date
[2026/06/10-18:37:50] [WARN] PO data /home/jorge/Documents/GitHub/TFM/data/processed/04_parse_dates/sales_orders/so-311349989/purchase_orders/4517505514/1-raw.csv has an invalid clearing date
[2026/06/10-18:37:50] [WARN] PO data /home/jorge/Documents/GitHub/TFM/data/processed/04_parse_dates/sales_orders/so-311349989/purchase_orders/4517451562/1-raw.csv doesnt have clearing date
[2026/06/10-18:37:50] [WARN] PO data /home/jorge/Documents/GitHub/TFM/data/processed/04_parse_dates/sales_orders/so-311349989/purchase_orders/4517451562/2-raw.csv doesnt have clearing date
[2026/06/10-18:37:50] [WARN] PO data /home/jorge/Documents/GitHub/TFM/data/processed/04_parse_dates/sales_orders/so-311341776/purchase_orders/4517433321/1-raw.csv doesnt have clearing date
[2026/06/10-18:37:50] [WARN] PO data /home/jorge/Documents/GitHub/TFM/data/processed/04_parse_dates/sales_orders/so-311365961/purchase_orders/4517505502/1-raw.csv has an invalid clearing date
[2026/06/10-18:37:50] [WARN] PO data /home/jorge/Documents/GitHub/TFM/data/processed/04_parse_dates/sales_orders/so-311365961/purchase_orders/4517505502/2-raw.csv has an invalid clearing date
[2026/06/10-18:37:50] [WARN] PO data /home/jorge/Documents/GitHub/TFM/data/processed/04_parse_dates/sales_orders/so-311365961/purchase_orders/4517488217/1-raw.csv doesnt have clearing date
[2026/06/10-18:37:50] [WARN] PO data /home/jorge/Documents/GitHub/TFM/data/processed/04_parse_dates/sales_orders/so-311365961/purchase_orders/4517501913/1-raw.csv doesnt have clearing date
[2026/06/10-18:37:50] [WARN] PO data /home/jorge/Documents/GitHub/TFM/data/processed/04_parse_dates/sales_orders/so-311348319/purchase_orders/4517447201/1-raw.csv doesnt have clearing date
[2026/06/10-18:37:50] [WARN] PO data /home/jorge/Documents/GitHub/TFM/data/processed/04_parse_dates/sales_orders/so-311337014/purchase_orders/4517443060/2-raw.csv doesnt have clearing date
[2026/06/10-18:37:50] [WARN] PO data /home/jorge/Documents/GitHub/TFM/data/processed/04_parse_dates/sales_orders/so-311337014/purchase_orders/4517422286/1-raw.csv doesnt have clearing date
[2026/06/10-18:37:50] [WARN] PO data /home/jorge/Documents/GitHub/TFM/data/processed/04_parse_dates/sales_orders/so-311337014/purchase_orders/4517422286/2-raw.csv doesnt have clearing date
[2026/06/10-18:37:50] [WARN] PO data /home/jorge/Documents/GitHub/TFM/data/processed/04_parse_dates/sales_orders/so-0311344531/purchase_orders/4517436949/1-raw.csv doesnt have clearing date
[2026/06/10-18:37:50] [WARN] PO data /home/jorge/Documents/GitHub/TFM/data/processed/04_parse_dates/sales_orders/so-0311344531/purchase_orders/4517436949/2-raw.csv doesnt have clearing date
[2026/06/10-18:37:50] [WARN] Sales invoice /home/jorge/Documents/GitHub/TFM/data/processed/04_parse_dates/sales_orders/so-311338850/sales_invoices/9400018212-raw.csv doesnt have clearing date
[2026/06/10-18:37:50] [WARN] PO data /home/jorge/Documents/GitHub/TFM/data/processed/04_parse_dates/sales_orders/so-311351173/purchase_orders/4517458931/1-raw.csv doesnt have clearing date
[2026/06/10-18:37:50] [WARN] PO data /home/jorge/Documents/GitHub/TFM/data/processed/04_parse_dates/sales_orders/so-311351173/purchase_orders/4517458931/2-raw.csv doesnt have clearing date
[2026/06/10-18:37:50] [WARN] PO data /home/jorge/Documents/GitHub/TFM/data/processed/04_parse_dates/sales_orders/so-311351173/purchase_orders/4517458931/3-raw.csv doesnt have clearing date
[2026/06/10-18:37:50] [WARN] PO data /home/jorge/Documents/GitHub/TFM/data/processed/04_parse_dates/sales_orders/so-311339727/purchase_orders/4517427583/1-raw.csv doesnt have clearing date
[2026/06/10-18:37:50] [WARN] PO data /home/jorge/Documents/GitHub/TFM/data/processed/04_parse_dates/sales_orders/so-311339727/purchase_orders/4517427583/2-raw.csv doesnt have clearing date
[2026/06/10-18:37:50] [WARN] PO data /home/jorge/Documents/GitHub/TFM/data/processed/04_parse_dates/sales_orders/so-311350774/purchase_orders/4517454839/1-raw.csv doesnt have clearing date
[2026/06/10-18:37:50] [WARN] PO data /home/jorge/Documents/GitHub/TFM/data/processed/04_parse_dates/sales_orders/so-311350774/purchase_orders/4517454839/2-raw.csv doesnt have clearing date
[2026/06/10-18:37:50] [WARN] PO data /home/jorge/Documents/GitHub/TFM/data/processed/04_parse_dates/sales_orders/so-311350774/purchase_orders/4517454839/3-raw.csv doesnt have clearing date
[2026/06/10-18:37:50] [WARN] Sales invoice /home/jorge/Documents/GitHub/TFM/data/processed/04_parse_dates/sales_orders/so-311350774/sales_invoices/9450000301-raw.csv doesnt have clearing date
[2026/06/10-18:37:50] [WARN] Sales invoice /home/jorge/Documents/GitHub/TFM/data/processed/04_parse_dates/sales_orders/so-311350774/sales_invoices/9450000300-raw.csv doesnt have clearing date
[2026/06/10-18:37:50] [WARN] PO data /home/jorge/Documents/GitHub/TFM/data/processed/04_parse_dates/sales_orders/so-311359474/purchase_orders/4517473624/1-raw.csv doesnt have clearing date
[2026/06/10-18:37:50] [WARN] PO data /home/jorge/Documents/GitHub/TFM/data/processed/04_parse_dates/sales_orders/so-311356961/purchase_orders/4517493327/1-raw.csv has an invalid clearing date
[2026/06/10-18:37:50] [WARN] PO data /home/jorge/Documents/GitHub/TFM/data/processed/04_parse_dates/sales_orders/so-311356961/purchase_orders/4517493327/2-raw.csv has an invalid clearing date
[2026/06/10-18:37:50] [WARN] PO data /home/jorge/Documents/GitHub/TFM/data/processed/04_parse_dates/sales_orders/so-311354796/purchase_orders/4517424744/1-raw.csv doesnt have clearing date
[2026/06/10-18:37:50] [WARN] PO data /home/jorge/Documents/GitHub/TFM/data/processed/04_parse_dates/sales_orders/so-311354796/purchase_orders/4517424744/2-raw.csv doesnt have clearing date
[2026/06/10-18:37:50] [WARN] PO data /home/jorge/Documents/GitHub/TFM/data/processed/04_parse_dates/sales_orders/so-311342071/purchase_orders/4517453190/1-raw.csv has an invalid clearing date
[2026/06/10-18:37:50] [WARN] PO data /home/jorge/Documents/GitHub/TFM/data/processed/04_parse_dates/sales_orders/so-311342071/purchase_orders/4517453190/2-raw.csv has an invalid clearing date
[2026/06/10-18:37:50] [WARN] PO data /home/jorge/Documents/GitHub/TFM/data/processed/04_parse_dates/sales_orders/so-311344876/purchase_orders/4517438024/1-raw.csv doesnt have clearing date
[2026/06/10-18:37:50] [WARN] Sales invoice /home/jorge/Documents/GitHub/TFM/data/processed/04_parse_dates/sales_orders/so-311350068/sales_invoices/9450000203-raw.csv doesnt have clearing date
[2026/06/10-18:37:50] [WARN] Sales invoice /home/jorge/Documents/GitHub/TFM/data/processed/04_parse_dates/sales_orders/so-311350068/sales_invoices/9450000242-raw.csv doesnt have clearing date
[2026/06/10-18:37:50] [WARN] Sales invoice /home/jorge/Documents/GitHub/TFM/data/processed/04_parse_dates/sales_orders/so-311350068/sales_invoices/9450000243-raw.csv doesnt have clearing date
[2026/06/10-18:37:50] [WARN] PO data /home/jorge/Documents/GitHub/TFM/data/processed/04_parse_dates/sales_orders/so-311340605/purchase_orders/4517428378/1-raw.csv doesnt have clearing date
[2026/06/10-18:37:50] [WARN] Sales invoice /home/jorge/Documents/GitHub/TFM/data/processed/04_parse_dates/sales_orders/so-311370878/sales_invoices/9400018283-raw.csv doesnt have clearing date
[2026/06/10-18:37:50] [WARN] PO data /home/jorge/Documents/GitHub/TFM/data/processed/04_parse_dates/sales_orders/so-311371389/purchase_orders/4517501418/13-raw.csv doesnt have clearing date
[2026/06/10-18:37:50] [WARN] PO data /home/jorge/Documents/GitHub/TFM/data/processed/04_parse_dates/sales_orders/so-311362506/purchase_orders/4517482839/1-raw.csv doesnt have clearing date
[2026/06/10-18:37:50] [WARN] PO data /home/jorge/Documents/GitHub/TFM/data/processed/04_parse_dates/sales_orders/so-311339348/purchase_orders/4517464230/1-raw.csv has an invalid clearing date
[2026/06/10-18:37:50] [WARN] PO data /home/jorge/Documents/GitHub/TFM/data/processed/04_parse_dates/sales_orders/so-311339348/purchase_orders/4517426381/1-raw.csv doesnt have clearing date
[2026/06/10-18:37:50] [WARN] Sales invoice /home/jorge/Documents/GitHub/TFM/data/processed/04_parse_dates/sales_orders/so-311339348/sales_invoices/9450000174-raw.csv doesnt have clearing date
[2026/06/10-18:37:50] [WARN] Sales invoice /home/jorge/Documents/GitHub/TFM/data/processed/04_parse_dates/sales_orders/so-311339348/sales_invoices/9450000180-raw.csv doesnt have clearing date
[2026/06/10-18:37:50] [WARN] PO data /home/jorge/Documents/GitHub/TFM/data/processed/04_parse_dates/sales_orders/so-311348613/purchase_orders/4517469046/1-raw.csv doesnt have clearing date
[2026/06/10-18:37:50] [WARN] PO data /home/jorge/Documents/GitHub/TFM/data/processed/04_parse_dates/sales_orders/so-311348613/purchase_orders/4517469046/2-raw.csv has an invalid clearing date
[2026/06/10-18:37:50] [WARN] PO data /home/jorge/Documents/GitHub/TFM/data/processed/04_parse_dates/sales_orders/so-311348613/purchase_orders/4517469046/4-raw.csv doesnt have clearing date
[2026/06/10-18:37:50] [WARN] PO data /home/jorge/Documents/GitHub/TFM/data/processed/04_parse_dates/sales_orders/so-311342755/purchase_orders/4517434052/1-raw.csv doesnt have clearing date
[2026/06/10-18:37:51] [WARN] Sales invoice /home/jorge/Documents/GitHub/TFM/data/processed/04_parse_dates/sales_orders/so-311363331/sales_invoices/9400018212-raw.csv doesnt have clearing date
[2026/06/10-18:37:51] [WARN] PO data /home/jorge/Documents/GitHub/TFM/data/processed/04_parse_dates/sales_orders/so-311344537/purchase_orders/4517438438/1-raw.csv doesnt have clearing date
[2026/06/10-18:37:51] [WARN] PO data /home/jorge/Documents/GitHub/TFM/data/processed/04_parse_dates/sales_orders/so-311344537/purchase_orders/4517438438/2-raw.csv doesnt have clearing date
[2026/06/10-18:37:51] [WARN] PO data /home/jorge/Documents/GitHub/TFM/data/processed/04_parse_dates/sales_orders/so-311344537/purchase_orders/4517438438/4-raw.csv doesnt have clearing date
[2026/06/10-18:37:51] [WARN] PO data /home/jorge/Documents/GitHub/TFM/data/processed/04_parse_dates/sales_orders/so-311344537/purchase_orders/4517438438/3-raw.csv doesnt have clearing date
[2026/06/10-18:37:51] [WARN] PO data /home/jorge/Documents/GitHub/TFM/data/processed/04_parse_dates/sales_orders/so-94PO-00110/purchase_orders/4517419519/1-raw.csv doesnt have clearing date
[2026/06/10-18:37:51] [WARN] PO data /home/jorge/Documents/GitHub/TFM/data/processed/04_parse_dates/sales_orders/so-94PO-00110/purchase_orders/4517419519/2-raw.csv doesnt have clearing date
[2026/06/10-18:37:51] [WARN] PO data /home/jorge/Documents/GitHub/TFM/data/processed/04_parse_dates/sales_orders/so-311351232/purchase_orders/4517457823/1-raw.csv doesnt have clearing date
[2026/06/10-18:37:51] [WARN] PO data /home/jorge/Documents/GitHub/TFM/data/processed/04_parse_dates/sales_orders/so-311365043/purchase_orders/4517486669/1-raw.csv doesnt have clearing date
[2026/06/10-18:37:51] [WARN] PO data /home/jorge/Documents/GitHub/TFM/data/processed/04_parse_dates/sales_orders/so-311334441/purchase_orders/4517415053/1-raw.csv doesnt have clearing date
[2026/06/10-18:37:51] [WARN] PO data /home/jorge/Documents/GitHub/TFM/data/processed/04_parse_dates/sales_orders/so-311334441/purchase_orders/4517415053/2-raw.csv doesnt have clearing date
[2026/06/10-18:37:51] [WARN] PO data /home/jorge/Documents/GitHub/TFM/data/processed/04_parse_dates/sales_orders/so-311334441/purchase_orders/4517415053/3-raw.csv doesnt have clearing date
[2026/06/10-18:37:51] [WARN] PO data /home/jorge/Documents/GitHub/TFM/data/processed/04_parse_dates/sales_orders/so-311334441/purchase_orders/4517434324/1-raw.csv doesnt have clearing date
[2026/06/10-18:37:51] [WARN] PO data /home/jorge/Documents/GitHub/TFM/data/processed/04_parse_dates/sales_orders/so-311334441/purchase_orders/4517414366/1-raw.csv doesnt have clearing date
[2026/06/10-18:37:51] [WARN] PO data /home/jorge/Documents/GitHub/TFM/data/processed/04_parse_dates/sales_orders/so-311334441/purchase_orders/4517414366/2-raw.csv doesnt have clearing date
[2026/06/10-18:37:51] [WARN] PO data /home/jorge/Documents/GitHub/TFM/data/processed/04_parse_dates/sales_orders/so-311334441/purchase_orders/4517414366/3-raw.csv doesnt have clearing date
[2026/06/10-18:37:51] [WARN] PO data /home/jorge/Documents/GitHub/TFM/data/processed/04_parse_dates/sales_orders/so-311361375/purchase_orders/4517476703/1-raw.csv doesnt have clearing date
[2026/06/10-18:37:51] [WARN] Sales invoice /home/jorge/Documents/GitHub/TFM/data/processed/04_parse_dates/sales_orders/so-311370709/sales_invoices/9400018000-raw.csv doesnt have clearing date
[2026/06/10-18:37:51] [WARN] Sales invoice /home/jorge/Documents/GitHub/TFM/data/processed/04_parse_dates/sales_orders/so-311363348/sales_invoices/9450000196-raw.csv doesnt have clearing date
[2026/06/10-18:37:51] [WARN] PO data /home/jorge/Documents/GitHub/TFM/data/processed/04_parse_dates/sales_orders/so-311332221/purchase_orders/4517447176/1-raw.csv doesnt have clearing date
[2026/06/10-18:37:51] [WARN] PO data /home/jorge/Documents/GitHub/TFM/data/processed/04_parse_dates/sales_orders/so-311362261/purchase_orders/4517494708/1-raw.csv doesnt have clearing date
[2026/06/10-18:37:51] [WARN] PO data /home/jorge/Documents/GitHub/TFM/data/processed/04_parse_dates/sales_orders/so-311362261/purchase_orders/4517505459/1-raw.csv doesnt have clearing date
[2026/06/10-18:37:51] [WARN] PO data /home/jorge/Documents/GitHub/TFM/data/processed/04_parse_dates/sales_orders/so-311362261/purchase_orders/4517505459/2-raw.csv doesnt have clearing date
[2026/06/10-18:37:51] [WARN] PO data /home/jorge/Documents/GitHub/TFM/data/processed/04_parse_dates/sales_orders/so-311362261/purchase_orders/4517495512/1-raw.csv doesnt have clearing date
[2026/06/10-18:37:51] [WARN] PO data /home/jorge/Documents/GitHub/TFM/data/processed/04_parse_dates/sales_orders/so-311362261/purchase_orders/4517495512/2-raw.csv doesnt have clearing date
[2026/06/10-18:37:51] [WARN] Sales invoice /home/jorge/Documents/GitHub/TFM/data/processed/04_parse_dates/sales_orders/so-311362261/sales_invoices/9400017907-raw.csv doesnt have clearing date
[2026/06/10-18:37:51] [WARN] PO data /home/jorge/Documents/GitHub/TFM/data/processed/04_parse_dates/sales_orders/so-311362422/purchase_orders/4517480734/1-raw.csv doesnt have clearing date
[2026/06/10-18:37:51] [WARN] PO data /home/jorge/Documents/GitHub/TFM/data/processed/04_parse_dates/sales_orders/so-311362422/purchase_orders/4517480734/2-raw.csv has an invalid clearing date
[2026/06/10-18:37:51] [WARN] Sales invoice /home/jorge/Documents/GitHub/TFM/data/processed/04_parse_dates/sales_orders/so-311349851/sales_invoices/9450000254-raw.csv doesnt have clearing date
[2026/06/10-18:37:51] [WARN] PO data /home/jorge/Documents/GitHub/TFM/data/processed/04_parse_dates/sales_orders/so-311350819/purchase_orders/4517465752/1-raw.csv doesnt have clearing date
[2026/06/10-18:37:51] [WARN] PO data /home/jorge/Documents/GitHub/TFM/data/processed/04_parse_dates/sales_orders/so-311348089/purchase_orders/4517476306/7-raw.csv doesnt have clearing date
[2026/06/10-18:37:51] [WARN] PO data /home/jorge/Documents/GitHub/TFM/data/processed/04_parse_dates/sales_orders/so-311348089/purchase_orders/4517476306/6-raw.csv doesnt have clearing date
[2026/06/10-18:37:51] [WARN] PO data /home/jorge/Documents/GitHub/TFM/data/processed/04_parse_dates/sales_orders/so-311348089/purchase_orders/4517476306/1-raw.csv doesnt have clearing date
[2026/06/10-18:37:51] [WARN] PO data /home/jorge/Documents/GitHub/TFM/data/processed/04_parse_dates/sales_orders/so-311348089/purchase_orders/4517476306/5-raw.csv doesnt have clearing date
[2026/06/10-18:37:51] [WARN] PO data /home/jorge/Documents/GitHub/TFM/data/processed/04_parse_dates/sales_orders/so-311348089/purchase_orders/4517476306/2-raw.csv doesnt have clearing date
[2026/06/10-18:37:51] [WARN] PO data /home/jorge/Documents/GitHub/TFM/data/processed/04_parse_dates/sales_orders/so-311348089/purchase_orders/4517476306/4-raw.csv doesnt have clearing date
[2026/06/10-18:37:51] [WARN] PO data /home/jorge/Documents/GitHub/TFM/data/processed/04_parse_dates/sales_orders/so-311348089/purchase_orders/4517476306/3-raw.csv doesnt have clearing date
[2026/06/10-18:37:51] [WARN] PO data /home/jorge/Documents/GitHub/TFM/data/processed/04_parse_dates/sales_orders/so-311348089/purchase_orders/4517451293/1-raw.csv doesnt have clearing date
[2026/06/10-18:37:51] [WARN] Sales invoice /home/jorge/Documents/GitHub/TFM/data/processed/04_parse_dates/sales_orders/so-311369072/sales_invoices/9400017628-raw.csv doesnt have clearing date
[2026/06/10-18:37:51] [WARN] PO data /home/jorge/Documents/GitHub/TFM/data/processed/04_parse_dates/sales_orders/so-4 different SAP/purchase_orders/4517457831/1-raw.csv doesnt have clearing date
[2026/06/10-18:37:51] [WARN] PO data /home/jorge/Documents/GitHub/TFM/data/processed/04_parse_dates/sales_orders/so-311347586/purchase_orders/4517490510/1-raw.csv has an invalid clearing date
[2026/06/10-18:37:51] [WARN] PO data /home/jorge/Documents/GitHub/TFM/data/processed/04_parse_dates/sales_orders/so-311347586/purchase_orders/4517468306/1-raw.csv has an invalid clearing date
[2026/06/10-18:37:51] [WARN] PO data /home/jorge/Documents/GitHub/TFM/data/processed/04_parse_dates/sales_orders/so-311347586/purchase_orders/4517503107/1-raw.csv has an invalid clearing date
[2026/06/10-18:37:51] [WARN] Sales invoice /home/jorge/Documents/GitHub/TFM/data/processed/04_parse_dates/sales_orders/so-311347123/sales_invoices/9450000186-raw.csv doesnt have clearing date
[2026/06/10-18:37:51] [WARN] Sales invoice /home/jorge/Documents/GitHub/TFM/data/processed/04_parse_dates/sales_orders/so-311347123/sales_invoices/9450000226-raw.csv doesnt have clearing date
[2026/06/10-18:37:51] [WARN] PO data /home/jorge/Documents/GitHub/TFM/data/processed/04_parse_dates/sales_orders/so-311354545/purchase_orders/4517460952/1-raw.csv doesnt have clearing date
[2026/06/10-18:37:51] [WARN] PO data /home/jorge/Documents/GitHub/TFM/data/processed/04_parse_dates/sales_orders/so-311354545/purchase_orders/4517460952/2-raw.csv doesnt have clearing date
[2026/06/10-18:37:51] [WARN] PO data /home/jorge/Documents/GitHub/TFM/data/processed/04_parse_dates/sales_orders/so-311354545/purchase_orders/4517460952/4-raw.csv doesnt have clearing date
[2026/06/10-18:37:51] [WARN] PO data /home/jorge/Documents/GitHub/TFM/data/processed/04_parse_dates/sales_orders/so-311354545/purchase_orders/4517460952/3-raw.csv doesnt have clearing date
[2026/06/10-18:37:51] [WARN] PO data /home/jorge/Documents/GitHub/TFM/data/processed/04_parse_dates/sales_orders/so-311363048/purchase_orders/4517501432/1-raw.csv doesnt have clearing date
[2026/06/10-18:37:51] [WARN] Sales invoice /home/jorge/Documents/GitHub/TFM/data/processed/04_parse_dates/sales_orders/so-311363048/sales_invoices/9400017637-raw.csv doesnt have clearing date
