[2026/06/10-18:37:10] [INFO] ==================== CLEAN DATES ====================
[2026/06/10-18:37:10] [INFO] Searching invalid dates coming from OCR (i.e. so_info/so_date, so_info/req_deliv_date and both clearing dates)
[2026/06/10-18:37:10] [WARN] PO data /home/jorge/Documents/GitHub/TFM/data/processed/04_parse_dates/sales_orders/so-311346902/purchase_orders/4517445961/1-raw.csv doesnt have clearing date
[2026/06/10-18:37:10] [WARN] PO data /home/jorge/Documents/GitHub/TFM/data/processed/04_parse_dates/sales_orders/so-311346902/purchase_orders/4517445961/2-raw.csv doesnt have clearing date
[2026/06/10-18:37:10] [WARN] PO data /home/jorge/Documents/GitHub/TFM/data/processed/04_parse_dates/sales_orders/so-311338458/purchase_orders/4517423590/1-raw.csv doesnt have clearing date
[2026/06/10-18:37:10] [WARN] PO data /home/jorge/Documents/GitHub/TFM/data/processed/04_parse_dates/sales_orders/so-311347197/purchase_orders/4517447195/1-raw.csv doesnt have clearing date
[2026/06/10-18:37:10] [WARN] PO data /home/jorge/Documents/GitHub/TFM/data/processed/04_parse_dates/sales_orders/so-311348746/purchase_orders/4517447195/1-raw.csv doesnt have clearing date
[2026/06/10-18:37:10] [WARN] PO data /home/jorge/Documents/GitHub/TFM/data/processed/04_parse_dates/sales_orders/so-311348746/purchase_orders/4517447195/2-raw.csv doesnt have clearing date
[2026/06/10-18:37:10] [WARN] PO data /home/jorge/Documents/GitHub/TFM/data/processed/04_parse_dates/sales_orders/so-311348746/purchase_orders/4517447195/4-raw.csv doesnt have clearing date
[2026/06/10-18:37:10] [WARN] PO data /home/jorge/Documents/GitHub/TFM/data/processed/04_parse_dates/sales_orders/so-311348746/purchase_orders/4517447195/3-raw.csv doesnt have clearing date
[2026/06/10-18:37:10] [WARN] PO data /home/jorge/Documents/GitHub/TFM/data/processed/04_parse_dates/sales_orders/so-311347412/purchase_orders/4517450371/1-raw.csv doesnt have clearing date
[2026/06/10-18:37:10] [WARN] PO data /home/jorge/Documents/GitHub/TFM/data/processed/04_parse_dates/sales_orders/so-311347412/purchase_orders/4517450371/2-raw.csv doesnt have clearing date
[2026/06/10-18:37:10] [WARN] PO data /home/jorge/Documents/GitHub/TFM/data/processed/04_parse_dates/sales_orders/so-311347412/purchase_orders/4517505515/1-raw.csv has an invalid clearing date
[2026/06/10-18:37:10] [WARN] Sales invoice /home/jorge/Documents/GitHub/TFM/data/processed/04_parse_dates/sales_orders/so-311347412/sales_invoices/9400018332-raw.csv doesnt have clearing date
[2026/06/10-18:37:10] [WARN] Sales invoice /home/jorge/Documents/GitHub/TFM/data/processed/04_parse_dates/sales_orders/so-311350517/sales_invoices/9450000204-raw.csv doesnt have clearing date
[2026/06/10-18:37:10] [WARN] Sales invoice /home/jorge/Documents/GitHub/TFM/data/processed/04_parse_dates/sales_orders/so-311350517/sales_invoices/9450000241-raw.csv doesnt have clearing date
[2026/06/10-18:37:10] [WARN] PO data /home/jorge/Documents/GitHub/TFM/data/processed/04_parse_dates/sales_orders/so-311349363/purchase_orders/4517462265/1-raw.csv has an invalid clearing date
[2026/06/10-18:37:10] [WARN] PO data /home/jorge/Documents/GitHub/TFM/data/processed/04_parse_dates/sales_orders/so-311349363/purchase_orders/4517462265/2-raw.csv has an invalid clearing date
[2026/06/10-18:37:10] [WARN] Sales invoice /home/jorge/Documents/GitHub/TFM/data/processed/04_parse_dates/sales_orders/so-311349363/sales_invoices/9450000220-raw.csv doesnt have clearing date
[2026/06/10-18:37:10] [WARN] Sales invoice /home/jorge/Documents/GitHub/TFM/data/processed/04_parse_dates/sales_orders/so-311349363/sales_invoices/9450000197-raw.csv doesnt have clearing date
[2026/06/10-18:37:10] [WARN] Sales invoice /home/jorge/Documents/GitHub/TFM/data/processed/04_parse_dates/sales_orders/so-311369587/sales_invoices/9485101463-raw.csv doesnt have clearing date
[2026/06/10-18:37:10] [WARN] PO data /home/jorge/Documents/GitHub/TFM/data/processed/04_parse_dates/sales_orders/so-311348323/purchase_orders/4517447176/1-raw.csv doesnt have clearing date
[2026/06/10-18:37:10] [WARN] PO data /home/jorge/Documents/GitHub/TFM/data/processed/04_parse_dates/sales_orders/so-311336839/purchase_orders/4517434760/1-raw.csv doesnt have clearing date
[2026/06/10-18:37:10] [WARN] PO data /home/jorge/Documents/GitHub/TFM/data/processed/04_parse_dates/sales_orders/so-311336839/purchase_orders/4517434760/2-raw.csv doesnt have clearing date
[2026/06/10-18:37:10] [WARN] PO data /home/jorge/Documents/GitHub/TFM/data/processed/04_parse_dates/sales_orders/so-311336839/purchase_orders/4517434760/4-raw.csv doesnt have clearing date
[2026/06/10-18:37:10] [WARN] PO data /home/jorge/Documents/GitHub/TFM/data/processed/04_parse_dates/sales_orders/so-311336839/purchase_orders/4517434760/3-raw.csv doesnt have clearing date
[2026/06/10-18:37:11] [WARN] PO data /home/jorge/Documents/GitHub/TFM/data/processed/04_parse_dates/sales_orders/so-311367186/purchase_orders/4517492659/1-raw.csv doesnt have clearing date
[2026/06/10-18:37:11] [WARN] Sales invoice /home/jorge/Documents/GitHub/TFM/data/processed/04_parse_dates/sales_orders/so-311367186/sales_invoices/9400017600-raw.csv doesnt have clearing date
[2026/06/10-18:37:11] [WARN] PO data /home/jorge/Documents/GitHub/TFM/data/processed/04_parse_dates/sales_orders/so-311344263/purchase_orders/4517439045/1-raw.csv doesnt have clearing date
[2026/06/10-18:37:11] [WARN] PO data /home/jorge/Documents/GitHub/TFM/data/processed/04_parse_dates/sales_orders/so-311344263/purchase_orders/4517439045/2-raw.csv doesnt have clearing date
[2026/06/10-18:37:11] [WARN] Sales invoice /home/jorge/Documents/GitHub/TFM/data/processed/04_parse_dates/sales_orders/so-311369948/sales_invoices/9400018274-raw.csv doesnt have clearing date
[2026/06/10-18:37:11] [WARN] Sales invoice /home/jorge/Documents/GitHub/TFM/data/processed/04_parse_dates/sales_orders/so-311356972/sales_invoices/9450000313-raw.csv doesnt have clearing date
[2026/06/10-18:37:11] [WARN] Sales invoice /home/jorge/Documents/GitHub/TFM/data/processed/04_parse_dates/sales_orders/so-311356972/sales_invoices/9450000315-raw.csv doesnt have clearing date
[2026/06/10-18:37:11] [WARN] Sales invoice /home/jorge/Documents/GitHub/TFM/data/processed/04_parse_dates/sales_orders/so-311356972/sales_invoices/9450000311-raw.csv doesnt have clearing date
[2026/06/10-18:37:11] [WARN] PO data /home/jorge/Documents/GitHub/TFM/data/processed/04_parse_dates/sales_orders/so-311371707/purchase_orders/4517458696/1-raw.csv has an invalid clearing date
[2026/06/10-18:37:11] [WARN] PO data /home/jorge/Documents/GitHub/TFM/data/processed/04_parse_dates/sales_orders/so-311371707/purchase_orders/4517458696/2-raw.csv has an invalid clearing date
[2026/06/10-18:37:11] [WARN] PO data /home/jorge/Documents/GitHub/TFM/data/processed/04_parse_dates/sales_orders/so-0311342308/purchase_orders/4517443657/1-raw.csv doesnt have clearing date
[2026/06/10-18:37:11] [WARN] Sales invoice /home/jorge/Documents/GitHub/TFM/data/processed/04_parse_dates/sales_orders/so-0311342308/sales_invoices/9400008400-raw.csv doesnt have clearing date
[2026/06/10-18:37:11] [WARN] PO data /home/jorge/Documents/GitHub/TFM/data/processed/04_parse_dates/sales_orders/so-311364892/purchase_orders/4517487166/1-raw.csv doesnt have clearing date
[2026/06/10-18:37:11] [WARN] PO data /home/jorge/Documents/GitHub/TFM/data/processed/04_parse_dates/sales_orders/so-311364892/purchase_orders/4517487166/2-raw.csv doesnt have clearing date
[2026/06/10-18:37:11] [WARN] Sales invoice /home/jorge/Documents/GitHub/TFM/data/processed/04_parse_dates/sales_orders/so-311365938/sales_invoices/9400018155-raw.csv doesnt have clearing date
[2026/06/10-18:37:11] [WARN] PO data /home/jorge/Documents/GitHub/TFM/data/processed/04_parse_dates/sales_orders/so-311365236/purchase_orders/4517508164/1-raw.csv doesnt have clearing date
[2026/06/10-18:37:11] [WARN] Sales invoice /home/jorge/Documents/GitHub/TFM/data/processed/04_parse_dates/sales_orders/so-311365236/sales_invoices/9400016665-raw.csv doesnt have clearing date
[2026/06/10-18:37:11] [WARN] Sales invoice /home/jorge/Documents/GitHub/TFM/data/processed/04_parse_dates/sales_orders/so-311365236/sales_invoices/9405001746-raw.csv doesnt have clearing date
[2026/06/10-18:37:11] [WARN] PO data /home/jorge/Documents/GitHub/TFM/data/processed/04_parse_dates/sales_orders/so-311335423/purchase_orders/4517422167/1-raw.csv doesnt have clearing date
[2026/06/10-18:37:11] [WARN] Sales invoice /home/jorge/Documents/GitHub/TFM/data/processed/04_parse_dates/sales_orders/so-311335423/sales_invoices/9400007090-raw.csv doesnt have clearing date
[2026/06/10-18:37:11] [WARN] Sales invoice /home/jorge/Documents/GitHub/TFM/data/processed/04_parse_dates/sales_orders/so-311335423/sales_invoices/9485100460-raw.csv doesnt have clearing date
[2026/06/10-18:37:11] [WARN] Sales invoice /home/jorge/Documents/GitHub/TFM/data/processed/04_parse_dates/sales_orders/so-311335423/sales_invoices/9405000742-raw.csv doesnt have clearing date
[2026/06/10-18:37:11] [WARN] Sales invoice /home/jorge/Documents/GitHub/TFM/data/processed/04_parse_dates/sales_orders/so-311369565/sales_invoices/9400018357-raw.csv doesnt have clearing date
[2026/06/10-18:37:11] [WARN] PO data /home/jorge/Documents/GitHub/TFM/data/processed/04_parse_dates/sales_orders/so-94PO-00125/purchase_orders/4517445961/1-raw.csv doesnt have clearing date
[2026/06/10-18:37:11] [WARN] PO data /home/jorge/Documents/GitHub/TFM/data/processed/04_parse_dates/sales_orders/so-94PO-00125/purchase_orders/4517445961/2-raw.csv doesnt have clearing date
[2026/06/10-18:37:11] [WARN] PO data /home/jorge/Documents/GitHub/TFM/data/processed/04_parse_dates/sales_orders/so-311349455/purchase_orders/4517464145/3-raw.csv doesnt have clearing date
[2026/06/10-18:37:11] [WARN] Sales invoice /home/jorge/Documents/GitHub/TFM/data/processed/04_parse_dates/sales_orders/so-311349455/sales_invoices/9450000229-raw.csv doesnt have clearing date
[2026/06/10-18:37:11] [WARN] Sales invoice /home/jorge/Documents/GitHub/TFM/data/processed/04_parse_dates/sales_orders/so-311349455/sales_invoices/9450000230-raw.csv doesnt have clearing date
[2026/06/10-18:37:11] [WARN] Sales invoice /home/jorge/Documents/GitHub/TFM/data/processed/04_parse_dates/sales_orders/so-311349455/sales_invoices/9450000200-raw.csv doesnt have clearing date
[2026/06/10-18:37:11] [WARN] PO data /home/jorge/Documents/GitHub/TFM/data/processed/04_parse_dates/sales_orders/so-311365181/purchase_orders/4517486608/1-raw.csv doesnt have clearing date
[2026/06/10-18:37:11] [WARN] PO data /home/jorge/Documents/GitHub/TFM/data/processed/04_parse_dates/sales_orders/so-311365181/purchase_orders/4517486608/2-raw.csv doesnt have clearing date
[2026/06/10-18:37:11] [WARN] Sales invoice /home/jorge/Documents/GitHub/TFM/data/processed/04_parse_dates/sales_orders/so-311346418/sales_invoices/9450000196-raw.csv doesnt have clearing date
[2026/06/10-18:37:11] [WARN] PO data /home/jorge/Documents/GitHub/TFM/data/processed/04_parse_dates/sales_orders/so-311372991/purchase_orders/4517505897/1-raw.csv has an invalid clearing date
[2026/06/10-18:37:11] [WARN] PO data /home/jorge/Documents/GitHub/TFM/data/processed/04_parse_dates/sales_orders/so-311350163/purchase_orders/4517461894/1-raw.csv has an invalid clearing date
[2026/06/10-18:37:11] [WARN] Sales invoice /home/jorge/Documents/GitHub/TFM/data/processed/04_parse_dates/sales_orders/so-311350163/sales_invoices/9450000240-raw.csv doesnt have clearing date
[2026/06/10-18:37:11] [WARN] Sales invoice /home/jorge/Documents/GitHub/TFM/data/processed/04_parse_dates/sales_orders/so-311350163/sales_invoices/9450000208-raw.csv doesnt have clearing date
[2026/06/10-18:37:11] [WARN] PO data /home/jorge/Documents/GitHub/TFM/data/processed/04_parse_dates/sales_orders/so-311352270/purchase_orders/4517454240/1-raw.csv doesnt have clearing date
[2026/06/10-18:37:11] [WARN] PO data /home/jorge/Documents/GitHub/TFM/data/processed/04_parse_dates/sales_orders/so-311342829/purchase_orders/4517458696/1-raw.csv has an invalid clearing date
[2026/06/10-18:37:11] [WARN] PO data /home/jorge/Documents/GitHub/TFM/data/processed/04_parse_dates/sales_orders/so-311342829/purchase_orders/4517458696/2-raw.csv has an invalid clearing date
[2026/06/10-18:37:11] [WARN] PO data /home/jorge/Documents/GitHub/TFM/data/processed/04_parse_dates/sales_orders/so-94PO-00101/purchase_orders/4517505347/1-raw.csv has an invalid clearing date
[2026/06/10-18:37:11] [WARN] PO data /home/jorge/Documents/GitHub/TFM/data/processed/04_parse_dates/sales_orders/so-311370001/purchase_orders/4517503921/1-raw.csv doesnt have clearing date
[2026/06/10-18:37:11] [WARN] PO data /home/jorge/Documents/GitHub/TFM/data/processed/04_parse_dates/sales_orders/so-311370001/purchase_orders/4517503921/2-raw.csv doesnt have clearing date
[2026/06/10-18:37:11] [WARN] PO data /home/jorge/Documents/GitHub/TFM/data/processed/04_parse_dates/sales_orders/so-311370001/purchase_orders/4517503921/3-raw.csv doesnt have clearing date
[2026/06/10-18:37:11] [WARN] PO data /home/jorge/Documents/GitHub/TFM/data/processed/04_parse_dates/sales_orders/so-311344974/purchase_orders/4517451817/1-raw.csv doesnt have clearing date
[2026/06/10-18:37:11] [WARN] PO data /home/jorge/Documents/GitHub/TFM/data/processed/04_parse_dates/sales_orders/so-311344974/purchase_orders/4517451817/2-raw.csv doesnt have clearing date
[2026/06/10-18:37:11] [WARN] PO data /home/jorge/Documents/GitHub/TFM/data/processed/04_parse_dates/sales_orders/so-311344974/purchase_orders/4517451817/3-raw.csv doesnt have clearing date
[2026/06/10-18:37:11] [WARN] PO data /home/jorge/Documents/GitHub/TFM/data/processed/04_parse_dates/sales_orders/so-311336869/purchase_orders/4517449881/1-raw.csv doesnt have clearing date
[2026/06/10-18:37:11] [WARN] PO data /home/jorge/Documents/GitHub/TFM/data/processed/04_parse_dates/sales_orders/so-311336869/purchase_orders/4517449881/2-raw.csv doesnt have clearing date
[2026/06/10-18:37:11] [WARN] PO data /home/jorge/Documents/GitHub/TFM/data/processed/04_parse_dates/sales_orders/so-311336869/purchase_orders/4517449881/4-raw.csv doesnt have clearing date
[2026/06/10-18:37:11] [WARN] PO data /home/jorge/Documents/GitHub/TFM/data/processed/04_parse_dates/sales_orders/so-311336869/purchase_orders/4517449881/3-raw.csv doesnt have clearing date
[2026/06/10-18:37:11] [WARN] PO data /home/jorge/Documents/GitHub/TFM/data/processed/04_parse_dates/sales_orders/so-311336869/purchase_orders/4517434458/1-raw.csv doesnt have clearing date
[2026/06/10-18:37:11] [WARN] PO data /home/jorge/Documents/GitHub/TFM/data/processed/04_parse_dates/sales_orders/so-311336869/purchase_orders/4517434458/2-raw.csv doesnt have clearing date
[2026/06/10-18:37:11] [WARN] PO data /home/jorge/Documents/GitHub/TFM/data/processed/04_parse_dates/sales_orders/so-311336869/purchase_orders/4517434458/3-raw.csv doesnt have clearing date
[2026/06/10-18:37:11] [WARN] PO data /home/jorge/Documents/GitHub/TFM/data/processed/04_parse_dates/sales_orders/so-311336869/purchase_orders/4517453854/1-raw.csv doesnt have clearing date
[2026/06/10-18:37:11] [WARN] PO data /home/jorge/Documents/GitHub/TFM/data/processed/04_parse_dates/sales_orders/so-311336869/purchase_orders/4517443657/1-raw.csv doesnt have clearing date
[2026/06/10-18:37:11] [WARN] Sales invoice /home/jorge/Documents/GitHub/TFM/data/processed/04_parse_dates/sales_orders/so-311336869/sales_invoices/9485100683-raw.csv doesnt have clearing date
[2026/06/10-18:37:11] [WARN] Sales invoice /home/jorge/Documents/GitHub/TFM/data/processed/04_parse_dates/sales_orders/so-311366943/sales_invoices/9400017769-raw.csv doesnt have clearing date
[2026/06/10-18:37:11] [WARN] PO data /home/jorge/Documents/GitHub/TFM/data/processed/04_parse_dates/sales_orders/so-311343400/purchase_orders/4517435696/9-raw.csv doesnt have clearing date
[2026/06/10-18:37:11] [WARN] PO data /home/jorge/Documents/GitHub/TFM/data/processed/04_parse_dates/sales_orders/so-311343400/purchase_orders/4517435696/7-raw.csv doesnt have clearing date
[2026/06/10-18:37:11] [WARN] PO data /home/jorge/Documents/GitHub/TFM/data/processed/04_parse_dates/sales_orders/so-311343400/purchase_orders/4517435696/8-raw.csv doesnt have clearing date
[2026/06/10-18:37:11] [WARN] PO data /home/jorge/Documents/GitHub/TFM/data/processed/04_parse_dates/sales_orders/so-311343400/purchase_orders/4517435696/6-raw.csv doesnt have clearing date
[2026/06/10-18:37:11] [WARN] PO data /home/jorge/Documents/GitHub/TFM/data/processed/04_parse_dates/sales_orders/so-311343400/purchase_orders/4517435696/1-raw.csv doesnt have clearing date
[2026/06/10-18:37:11] [WARN] PO data /home/jorge/Documents/GitHub/TFM/data/processed/04_parse_dates/sales_orders/so-311343400/purchase_orders/4517435696/5-raw.csv doesnt have clearing date
[2026/06/10-18:37:11] [WARN] PO data /home/jorge/Documents/GitHub/TFM/data/processed/04_parse_dates/sales_orders/so-311343400/purchase_orders/4517435696/2-raw.csv doesnt have clearing date
[2026/06/10-18:37:11] [WARN] PO data /home/jorge/Documents/GitHub/TFM/data/processed/04_parse_dates/sales_orders/so-311343400/purchase_orders/4517435696/4-raw.csv doesnt have clearing date
[2026/06/10-18:37:11] [WARN] PO data /home/jorge/Documents/GitHub/TFM/data/processed/04_parse_dates/sales_orders/so-311343400/purchase_orders/4517435696/3-raw.csv doesnt have clearing date
[2026/06/10-18:37:11] [WARN] PO data /home/jorge/Documents/GitHub/TFM/data/processed/04_parse_dates/sales_orders/so-311358411/purchase_orders/4517490633/1-raw.csv doesnt have clearing date
[2026/06/10-18:37:11] [WARN] PO data /home/jorge/Documents/GitHub/TFM/data/processed/04_parse_dates/sales_orders/so-311358411/purchase_orders/4517490633/2-raw.csv doesnt have clearing date
[2026/06/10-18:37:11] [WARN] PO data /home/jorge/Documents/GitHub/TFM/data/processed/04_parse_dates/sales_orders/so-311358411/purchase_orders/4517490633/3-raw.csv doesnt have clearing date
[2026/06/10-18:37:11] [WARN] PO data /home/jorge/Documents/GitHub/TFM/data/processed/04_parse_dates/sales_orders/so-311339317/purchase_orders/4517424744/1-raw.csv doesnt have clearing date
[2026/06/10-18:37:11] [WARN] PO data /home/jorge/Documents/GitHub/TFM/data/processed/04_parse_dates/sales_orders/so-311339317/purchase_orders/4517424744/2-raw.csv doesnt have clearing date
[2026/06/10-18:37:11] [WARN] PO data /home/jorge/Documents/GitHub/TFM/data/processed/04_parse_dates/sales_orders/so-311368706/purchase_orders/4517490510/1-raw.csv has an invalid clearing date
[2026/06/10-18:37:11] [WARN] PO data /home/jorge/Documents/GitHub/TFM/data/processed/04_parse_dates/sales_orders/so-311368706/purchase_orders/4517468306/1-raw.csv has an invalid clearing date
[2026/06/10-18:37:11] [WARN] PO data /home/jorge/Documents/GitHub/TFM/data/processed/04_parse_dates/sales_orders/so-311368706/purchase_orders/4517503107/1-raw.csv has an invalid clearing date
[2026/06/10-18:37:11] [WARN] PO data /home/jorge/Documents/GitHub/TFM/data/processed/04_parse_dates/sales_orders/so-311349989/purchase_orders/4517505514/1-raw.csv has an invalid clearing date
[2026/06/10-18:37:11] [WARN] PO data /home/jorge/Documents/GitHub/TFM/data/processed/04_parse_dates/sales_orders/so-311349989/purchase_orders/4517451562/1-raw.csv doesnt have clearing date
[2026/06/10-18:37:11] [WARN] PO data /home/jorge/Documents/GitHub/TFM/data/processed/04_parse_dates/sales_orders/so-311349989/purchase_orders/4517451562/2-raw.csv doesnt have clearing date
[2026/06/10-18:37:11] [WARN] PO data /home/jorge/Documents/GitHub/TFM/data/processed/04_parse_dates/sales_orders/so-311341776/purchase_orders/4517433321/1-raw.csv doesnt have clearing date
[2026/06/10-18:37:11] [WARN] PO data /home/jorge/Documents/GitHub/TFM/data/processed/04_parse_dates/sales_orders/so-311365961/purchase_orders/4517505502/1-raw.csv has an invalid clearing date
[2026/06/10-18:37:11] [WARN] PO data /home/jorge/Documents/GitHub/TFM/data/processed/04_parse_dates/sales_orders/so-311365961/purchase_orders/4517505502/2-raw.csv has an invalid clearing date
[2026/06/10-18:37:11] [WARN] PO data /home/jorge/Documents/GitHub/TFM/data/processed/04_parse_dates/sales_orders/so-311365961/purchase_orders/4517488217/1-raw.csv doesnt have clearing date
[2026/06/10-18:37:11] [WARN] PO data /home/jorge/Documents/GitHub/TFM/data/processed/04_parse_dates/sales_orders/so-311365961/purchase_orders/4517501913/1-raw.csv doesnt have clearing date
[2026/06/10-18:37:11] [WARN] PO data /home/jorge/Documents/GitHub/TFM/data/processed/04_parse_dates/sales_orders/so-311348319/purchase_orders/4517447201/1-raw.csv doesnt have clearing date
[2026/06/10-18:37:11] [WARN] PO data /home/jorge/Documents/GitHub/TFM/data/processed/04_parse_dates/sales_orders/so-311337014/purchase_orders/4517443060/2-raw.csv doesnt have clearing date
[2026/06/10-18:37:11] [WARN] PO data /home/jorge/Documents/GitHub/TFM/data/processed/04_parse_dates/sales_orders/so-311337014/purchase_orders/4517422286/1-raw.csv doesnt have clearing date
[2026/06/10-18:37:11] [WARN] PO data /home/jorge/Documents/GitHub/TFM/data/processed/04_parse_dates/sales_orders/so-311337014/purchase_orders/4517422286/2-raw.csv doesnt have clearing date
[2026/06/10-18:37:11] [WARN] PO data /home/jorge/Documents/GitHub/TFM/data/processed/04_parse_dates/sales_orders/so-0311344531/purchase_orders/4517436949/1-raw.csv doesnt have clearing date
[2026/06/10-18:37:11] [WARN] PO data /home/jorge/Documents/GitHub/TFM/data/processed/04_parse_dates/sales_orders/so-0311344531/purchase_orders/4517436949/2-raw.csv doesnt have clearing date
[2026/06/10-18:37:11] [WARN] Sales invoice /home/jorge/Documents/GitHub/TFM/data/processed/04_parse_dates/sales_orders/so-311338850/sales_invoices/9400018212-raw.csv doesnt have clearing date
[2026/06/10-18:37:11] [WARN] PO data /home/jorge/Documents/GitHub/TFM/data/processed/04_parse_dates/sales_orders/so-311351173/purchase_orders/4517458931/1-raw.csv doesnt have clearing date
[2026/06/10-18:37:11] [WARN] PO data /home/jorge/Documents/GitHub/TFM/data/processed/04_parse_dates/sales_orders/so-311351173/purchase_orders/4517458931/2-raw.csv doesnt have clearing date
[2026/06/10-18:37:11] [WARN] PO data /home/jorge/Documents/GitHub/TFM/data/processed/04_parse_dates/sales_orders/so-311351173/purchase_orders/4517458931/3-raw.csv doesnt have clearing date
[2026/06/10-18:37:11] [WARN] PO data /home/jorge/Documents/GitHub/TFM/data/processed/04_parse_dates/sales_orders/so-311339727/purchase_orders/4517427583/1-raw.csv doesnt have clearing date
[2026/06/10-18:37:11] [WARN] PO data /home/jorge/Documents/GitHub/TFM/data/processed/04_parse_dates/sales_orders/so-311339727/purchase_orders/4517427583/2-raw.csv doesnt have clearing date
[2026/06/10-18:37:11] [WARN] PO data /home/jorge/Documents/GitHub/TFM/data/processed/04_parse_dates/sales_orders/so-311350774/purchase_orders/4517454839/1-raw.csv doesnt have clearing date
[2026/06/10-18:37:11] [WARN] PO data /home/jorge/Documents/GitHub/TFM/data/processed/04_parse_dates/sales_orders/so-311350774/purchase_orders/4517454839/2-raw.csv doesnt have clearing date
[2026/06/10-18:37:11] [WARN] PO data /home/jorge/Documents/GitHub/TFM/data/processed/04_parse_dates/sales_orders/so-311350774/purchase_orders/4517454839/3-raw.csv doesnt have clearing date
[2026/06/10-18:37:11] [WARN] Sales invoice /home/jorge/Documents/GitHub/TFM/data/processed/04_parse_dates/sales_orders/so-311350774/sales_invoices/9450000301-raw.csv doesnt have clearing date
[2026/06/10-18:37:11] [WARN] Sales invoice /home/jorge/Documents/GitHub/TFM/data/processed/04_parse_dates/sales_orders/so-311350774/sales_invoices/9450000300-raw.csv doesnt have clearing date
[2026/06/10-18:37:11] [WARN] PO data /home/jorge/Documents/GitHub/TFM/data/processed/04_parse_dates/sales_orders/so-311359474/purchase_orders/4517473624/1-raw.csv doesnt have clearing date
[2026/06/10-18:37:12] [WARN] PO data /home/jorge/Documents/GitHub/TFM/data/processed/04_parse_dates/sales_orders/so-311356961/purchase_orders/4517493327/1-raw.csv has an invalid clearing date
[2026/06/10-18:37:12] [WARN] PO data /home/jorge/Documents/GitHub/TFM/data/processed/04_parse_dates/sales_orders/so-311356961/purchase_orders/4517493327/2-raw.csv has an invalid clearing date
[2026/06/10-18:37:12] [WARN] PO data /home/jorge/Documents/GitHub/TFM/data/processed/04_parse_dates/sales_orders/so-311354796/purchase_orders/4517424744/1-raw.csv doesnt have clearing date
[2026/06/10-18:37:12] [WARN] PO data /home/jorge/Documents/GitHub/TFM/data/processed/04_parse_dates/sales_orders/so-311354796/purchase_orders/4517424744/2-raw.csv doesnt have clearing date
[2026/06/10-18:37:12] [WARN] PO data /home/jorge/Documents/GitHub/TFM/data/processed/04_parse_dates/sales_orders/so-311342071/purchase_orders/4517453190/1-raw.csv has an invalid clearing date
[2026/06/10-18:37:12] [WARN] PO data /home/jorge/Documents/GitHub/TFM/data/processed/04_parse_dates/sales_orders/so-311342071/purchase_orders/4517453190/2-raw.csv has an invalid clearing date
[2026/06/10-18:37:12] [WARN] PO data /home/jorge/Documents/GitHub/TFM/data/processed/04_parse_dates/sales_orders/so-311344876/purchase_orders/4517438024/1-raw.csv doesnt have clearing date
[2026/06/10-18:37:12] [WARN] Sales invoice /home/jorge/Documents/GitHub/TFM/data/processed/04_parse_dates/sales_orders/so-311350068/sales_invoices/9450000203-raw.csv doesnt have clearing date
[2026/06/10-18:37:12] [WARN] Sales invoice /home/jorge/Documents/GitHub/TFM/data/processed/04_parse_dates/sales_orders/so-311350068/sales_invoices/9450000242-raw.csv doesnt have clearing date
[2026/06/10-18:37:12] [WARN] Sales invoice /home/jorge/Documents/GitHub/TFM/data/processed/04_parse_dates/sales_orders/so-311350068/sales_invoices/9450000243-raw.csv doesnt have clearing date
[2026/06/10-18:37:12] [WARN] PO data /home/jorge/Documents/GitHub/TFM/data/processed/04_parse_dates/sales_orders/so-311340605/purchase_orders/4517428378/1-raw.csv doesnt have clearing date
[2026/06/10-18:37:12] [WARN] Sales invoice /home/jorge/Documents/GitHub/TFM/data/processed/04_parse_dates/sales_orders/so-311370878/sales_invoices/9400018283-raw.csv doesnt have clearing date
[2026/06/10-18:37:12] [WARN] PO data /home/jorge/Documents/GitHub/TFM/data/processed/04_parse_dates/sales_orders/so-311371389/purchase_orders/4517501418/13-raw.csv doesnt have clearing date
[2026/06/10-18:37:12] [WARN] PO data /home/jorge/Documents/GitHub/TFM/data/processed/04_parse_dates/sales_orders/so-311362506/purchase_orders/4517482839/1-raw.csv doesnt have clearing date
[2026/06/10-18:37:12] [WARN] PO data /home/jorge/Documents/GitHub/TFM/data/processed/04_parse_dates/sales_orders/so-311339348/purchase_orders/4517464230/1-raw.csv has an invalid clearing date
[2026/06/10-18:37:12] [WARN] PO data /home/jorge/Documents/GitHub/TFM/data/processed/04_parse_dates/sales_orders/so-311339348/purchase_orders/4517426381/1-raw.csv doesnt have clearing date
[2026/06/10-18:37:12] [WARN] Sales invoice /home/jorge/Documents/GitHub/TFM/data/processed/04_parse_dates/sales_orders/so-311339348/sales_invoices/9450000174-raw.csv doesnt have clearing date
[2026/06/10-18:37:12] [WARN] Sales invoice /home/jorge/Documents/GitHub/TFM/data/processed/04_parse_dates/sales_orders/so-311339348/sales_invoices/9450000180-raw.csv doesnt have clearing date
[2026/06/10-18:37:12] [WARN] PO data /home/jorge/Documents/GitHub/TFM/data/processed/04_parse_dates/sales_orders/so-311348613/purchase_orders/4517469046/1-raw.csv doesnt have clearing date
[2026/06/10-18:37:12] [WARN] PO data /home/jorge/Documents/GitHub/TFM/data/processed/04_parse_dates/sales_orders/so-311348613/purchase_orders/4517469046/2-raw.csv has an invalid clearing date
[2026/06/10-18:37:12] [WARN] PO data /home/jorge/Documents/GitHub/TFM/data/processed/04_parse_dates/sales_orders/so-311348613/purchase_orders/4517469046/4-raw.csv doesnt have clearing date
[2026/06/10-18:37:12] [WARN] PO data /home/jorge/Documents/GitHub/TFM/data/processed/04_parse_dates/sales_orders/so-311342755/purchase_orders/4517434052/1-raw.csv doesnt have clearing date
[2026/06/10-18:37:12] [WARN] Sales invoice /home/jorge/Documents/GitHub/TFM/data/processed/04_parse_dates/sales_orders/so-311363331/sales_invoices/9400018212-raw.csv doesnt have clearing date
[2026/06/10-18:37:12] [WARN] PO data /home/jorge/Documents/GitHub/TFM/data/processed/04_parse_dates/sales_orders/so-311344537/purchase_orders/4517438438/1-raw.csv doesnt have clearing date
[2026/06/10-18:37:12] [WARN] PO data /home/jorge/Documents/GitHub/TFM/data/processed/04_parse_dates/sales_orders/so-311344537/purchase_orders/4517438438/2-raw.csv doesnt have clearing date
[2026/06/10-18:37:12] [WARN] PO data /home/jorge/Documents/GitHub/TFM/data/processed/04_parse_dates/sales_orders/so-311344537/purchase_orders/4517438438/4-raw.csv doesnt have clearing date
[2026/06/10-18:37:12] [WARN] PO data /home/jorge/Documents/GitHub/TFM/data/processed/04_parse_dates/sales_orders/so-311344537/purchase_orders/4517438438/3-raw.csv doesnt have clearing date
[2026/06/10-18:37:12] [WARN] PO data /home/jorge/Documents/GitHub/TFM/data/processed/04_parse_dates/sales_orders/so-94PO-00110/purchase_orders/4517419519/1-raw.csv doesnt have clearing date
[2026/06/10-18:37:12] [WARN] PO data /home/jorge/Documents/GitHub/TFM/data/processed/04_parse_dates/sales_orders/so-94PO-00110/purchase_orders/4517419519/2-raw.csv doesnt have clearing date
[2026/06/10-18:37:12] [WARN] PO data /home/jorge/Documents/GitHub/TFM/data/processed/04_parse_dates/sales_orders/so-311351232/purchase_orders/4517457823/1-raw.csv doesnt have clearing date
[2026/06/10-18:37:12] [WARN] PO data /home/jorge/Documents/GitHub/TFM/data/processed/04_parse_dates/sales_orders/so-311365043/purchase_orders/4517486669/1-raw.csv doesnt have clearing date
[2026/06/10-18:37:12] [WARN] PO data /home/jorge/Documents/GitHub/TFM/data/processed/04_parse_dates/sales_orders/so-311334441/purchase_orders/4517415053/1-raw.csv doesnt have clearing date
[2026/06/10-18:37:12] [WARN] PO data /home/jorge/Documents/GitHub/TFM/data/processed/04_parse_dates/sales_orders/so-311334441/purchase_orders/4517415053/2-raw.csv doesnt have clearing date
[2026/06/10-18:37:12] [WARN] PO data /home/jorge/Documents/GitHub/TFM/data/processed/04_parse_dates/sales_orders/so-311334441/purchase_orders/4517415053/3-raw.csv doesnt have clearing date
[2026/06/10-18:37:12] [WARN] PO data /home/jorge/Documents/GitHub/TFM/data/processed/04_parse_dates/sales_orders/so-311334441/purchase_orders/4517434324/1-raw.csv doesnt have clearing date
[2026/06/10-18:37:12] [WARN] PO data /home/jorge/Documents/GitHub/TFM/data/processed/04_parse_dates/sales_orders/so-311334441/purchase_orders/4517414366/1-raw.csv doesnt have clearing date
[2026/06/10-18:37:12] [WARN] PO data /home/jorge/Documents/GitHub/TFM/data/processed/04_parse_dates/sales_orders/so-311334441/purchase_orders/4517414366/2-raw.csv doesnt have clearing date
[2026/06/10-18:37:12] [WARN] PO data /home/jorge/Documents/GitHub/TFM/data/processed/04_parse_dates/sales_orders/so-311334441/purchase_orders/4517414366/3-raw.csv doesnt have clearing date
[2026/06/10-18:37:12] [WARN] PO data /home/jorge/Documents/GitHub/TFM/data/processed/04_parse_dates/sales_orders/so-311361375/purchase_orders/4517476703/1-raw.csv doesnt have clearing date
[2026/06/10-18:37:12] [WARN] Sales invoice /home/jorge/Documents/GitHub/TFM/data/processed/04_parse_dates/sales_orders/so-311370709/sales_invoices/9400018000-raw.csv doesnt have clearing date
[2026/06/10-18:37:12] [WARN] Sales invoice /home/jorge/Documents/GitHub/TFM/data/processed/04_parse_dates/sales_orders/so-311363348/sales_invoices/9450000196-raw.csv doesnt have clearing date
[2026/06/10-18:37:12] [WARN] PO data /home/jorge/Documents/GitHub/TFM/data/processed/04_parse_dates/sales_orders/so-311332221/purchase_orders/4517447176/1-raw.csv doesnt have clearing date
[2026/06/10-18:37:12] [WARN] PO data /home/jorge/Documents/GitHub/TFM/data/processed/04_parse_dates/sales_orders/so-311362261/purchase_orders/4517494708/1-raw.csv doesnt have clearing date
[2026/06/10-18:37:12] [WARN] PO data /home/jorge/Documents/GitHub/TFM/data/processed/04_parse_dates/sales_orders/so-311362261/purchase_orders/4517505459/1-raw.csv doesnt have clearing date
[2026/06/10-18:37:12] [WARN] PO data /home/jorge/Documents/GitHub/TFM/data/processed/04_parse_dates/sales_orders/so-311362261/purchase_orders/4517505459/2-raw.csv doesnt have clearing date
[2026/06/10-18:37:12] [WARN] PO data /home/jorge/Documents/GitHub/TFM/data/processed/04_parse_dates/sales_orders/so-311362261/purchase_orders/4517495512/1-raw.csv doesnt have clearing date
[2026/06/10-18:37:12] [WARN] PO data /home/jorge/Documents/GitHub/TFM/data/processed/04_parse_dates/sales_orders/so-311362261/purchase_orders/4517495512/2-raw.csv doesnt have clearing date
[2026/06/10-18:37:12] [WARN] Sales invoice /home/jorge/Documents/GitHub/TFM/data/processed/04_parse_dates/sales_orders/so-311362261/sales_invoices/9400017907-raw.csv doesnt have clearing date
[2026/06/10-18:37:12] [WARN] PO data /home/jorge/Documents/GitHub/TFM/data/processed/04_parse_dates/sales_orders/so-311362422/purchase_orders/4517480734/1-raw.csv doesnt have clearing date
[2026/06/10-18:37:12] [WARN] PO data /home/jorge/Documents/GitHub/TFM/data/processed/04_parse_dates/sales_orders/so-311362422/purchase_orders/4517480734/2-raw.csv has an invalid clearing date
[2026/06/10-18:37:12] [WARN] Sales invoice /home/jorge/Documents/GitHub/TFM/data/processed/04_parse_dates/sales_orders/so-311349851/sales_invoices/9450000254-raw.csv doesnt have clearing date
[2026/06/10-18:37:12] [WARN] PO data /home/jorge/Documents/GitHub/TFM/data/processed/04_parse_dates/sales_orders/so-311350819/purchase_orders/4517465752/1-raw.csv doesnt have clearing date
[2026/06/10-18:37:12] [WARN] PO data /home/jorge/Documents/GitHub/TFM/data/processed/04_parse_dates/sales_orders/so-311348089/purchase_orders/4517476306/7-raw.csv doesnt have clearing date
[2026/06/10-18:37:12] [WARN] PO data /home/jorge/Documents/GitHub/TFM/data/processed/04_parse_dates/sales_orders/so-311348089/purchase_orders/4517476306/6-raw.csv doesnt have clearing date
[2026/06/10-18:37:12] [WARN] PO data /home/jorge/Documents/GitHub/TFM/data/processed/04_parse_dates/sales_orders/so-311348089/purchase_orders/4517476306/1-raw.csv doesnt have clearing date
[2026/06/10-18:37:12] [WARN] PO data /home/jorge/Documents/GitHub/TFM/data/processed/04_parse_dates/sales_orders/so-311348089/purchase_orders/4517476306/5-raw.csv doesnt have clearing date
[2026/06/10-18:37:12] [WARN] PO data /home/jorge/Documents/GitHub/TFM/data/processed/04_parse_dates/sales_orders/so-311348089/purchase_orders/4517476306/2-raw.csv doesnt have clearing date
[2026/06/10-18:37:12] [WARN] PO data /home/jorge/Documents/GitHub/TFM/data/processed/04_parse_dates/sales_orders/so-311348089/purchase_orders/4517476306/4-raw.csv doesnt have clearing date
[2026/06/10-18:37:12] [WARN] PO data /home/jorge/Documents/GitHub/TFM/data/processed/04_parse_dates/sales_orders/so-311348089/purchase_orders/4517476306/3-raw.csv doesnt have clearing date
[2026/06/10-18:37:12] [WARN] PO data /home/jorge/Documents/GitHub/TFM/data/processed/04_parse_dates/sales_orders/so-311348089/purchase_orders/4517451293/1-raw.csv doesnt have clearing date
[2026/06/10-18:37:12] [WARN] Sales invoice /home/jorge/Documents/GitHub/TFM/data/processed/04_parse_dates/sales_orders/so-311369072/sales_invoices/9400017628-raw.csv doesnt have clearing date
[2026/06/10-18:37:12] [WARN] PO data /home/jorge/Documents/GitHub/TFM/data/processed/04_parse_dates/sales_orders/so-4 different SAP/purchase_orders/4517457831/1-raw.csv doesnt have clearing date
[2026/06/10-18:37:12] [WARN] PO data /home/jorge/Documents/GitHub/TFM/data/processed/04_parse_dates/sales_orders/so-311347586/purchase_orders/4517490510/1-raw.csv has an invalid clearing date
[2026/06/10-18:37:12] [WARN] PO data /home/jorge/Documents/GitHub/TFM/data/processed/04_parse_dates/sales_orders/so-311347586/purchase_orders/4517468306/1-raw.csv has an invalid clearing date
[2026/06/10-18:37:12] [WARN] PO data /home/jorge/Documents/GitHub/TFM/data/processed/04_parse_dates/sales_orders/so-311347586/purchase_orders/4517503107/1-raw.csv has an invalid clearing date
[2026/06/10-18:37:12] [WARN] Sales invoice /home/jorge/Documents/GitHub/TFM/data/processed/04_parse_dates/sales_orders/so-311347123/sales_invoices/9450000186-raw.csv doesnt have clearing date
[2026/06/10-18:37:12] [WARN] Sales invoice /home/jorge/Documents/GitHub/TFM/data/processed/04_parse_dates/sales_orders/so-311347123/sales_invoices/9450000226-raw.csv doesnt have clearing date
[2026/06/10-18:37:12] [WARN] PO data /home/jorge/Documents/GitHub/TFM/data/processed/04_parse_dates/sales_orders/so-311354545/purchase_orders/4517460952/1-raw.csv doesnt have clearing date
[2026/06/10-18:37:12] [WARN] PO data /home/jorge/Documents/GitHub/TFM/data/processed/04_parse_dates/sales_orders/so-311354545/purchase_orders/4517460952/2-raw.csv doesnt have clearing date
[2026/06/10-18:37:12] [WARN] PO data /home/jorge/Documents/GitHub/TFM/data/processed/04_parse_dates/sales_orders/so-311354545/purchase_orders/4517460952/4-raw.csv doesnt have clearing date
[2026/06/10-18:37:12] [WARN] PO data /home/jorge/Documents/GitHub/TFM/data/processed/04_parse_dates/sales_orders/so-311354545/purchase_orders/4517460952/3-raw.csv doesnt have clearing date
[2026/06/10-18:37:12] [WARN] PO data /home/jorge/Documents/GitHub/TFM/data/processed/04_parse_dates/sales_orders/so-311363048/purchase_orders/4517501432/1-raw.csv doesnt have clearing date
[2026/06/10-18:37:12] [WARN] Sales invoice /home/jorge/Documents/GitHub/TFM/data/processed/04_parse_dates/sales_orders/so-311363048/sales_invoices/9400017637-raw.csv doesnt have clearing date
[2026/06/10-18:37:12] [WARN] PO data /home/jorge/Documents/GitHub/TFM/data/processed/04_parse_dates/sales_orders/so-311343475/purchase_orders/4517434369/7-raw.csv doesnt have clearing date
[2026/06/10-18:37:12] [WARN] PO data /home/jorge/Documents/GitHub/TFM/data/processed/04_parse_dates/sales_orders/so-311343475/purchase_orders/4517434369/6-raw.csv doesnt have clearing date
[2026/06/10-18:37:12] [WARN] PO data /home/jorge/Documents/GitHub/TFM/data/processed/04_parse_dates/sales_orders/so-311343475/purchase_orders/4517434369/1-raw.csv doesnt have clearing date
[2026/06/10-18:37:12] [WARN] PO data /home/jorge/Documents/GitHub/TFM/data/processed/04_parse_dates/sales_orders/so-311343475/purchase_orders/4517434369/5-raw.csv doesnt have clearing date
[2026/06/10-18:37:12] [WARN] PO data /home/jorge/Documents/GitHub/TFM/data/processed/04_parse_dates/sales_orders/so-311343475/purchase_orders/4517434369/2-raw.csv doesnt have clearing date
[2026/06/10-18:37:12] [WARN] PO data /home/jorge/Documents/GitHub/TFM/data/processed/04_parse_dates/sales_orders/so-311343475/purchase_orders/4517434369/4-raw.csv doesnt have clearing date
[2026/06/10-18:37:12] [WARN] PO data /home/jorge/Documents/GitHub/TFM/data/processed/04_parse_dates/sales_orders/so-311343475/purchase_orders/4517434369/3-raw.csv doesnt have clearing date
[2026/06/10-18:37:12] [WARN] PO data /home/jorge/Documents/GitHub/TFM/data/processed/04_parse_dates/sales_orders/so-311343953/purchase_orders/4517439770/1-raw.csv doesnt have clearing date
[2026/06/10-18:37:12] [WARN] PO data /home/jorge/Documents/GitHub/TFM/data/processed/04_parse_dates/sales_orders/so-311343953/purchase_orders/4517486764/1-raw.csv doesnt have clearing date
[2026/06/10-18:37:12] [WARN] PO data /home/jorge/Documents/GitHub/TFM/data/processed/04_parse_dates/sales_orders/so-311351035/purchase_orders/4517452837/1-raw.csv doesnt have clearing date
[2026/06/10-18:37:12] [WARN] PO data /home/jorge/Documents/GitHub/TFM/data/processed/04_parse_dates/sales_orders/so-311351035/purchase_orders/4517452837/2-raw.csv doesnt have clearing date
[2026/06/10-18:37:12] [WARN] PO data /home/jorge/Documents/GitHub/TFM/data/processed/04_parse_dates/sales_orders/so-94PO-00151/purchase_orders/4517505897/1-raw.csv has an invalid clearing date
[2026/06/10-18:37:12] [WARN] PO data /home/jorge/Documents/GitHub/TFM/data/processed/04_parse_dates/sales_orders/so-311345293/purchase_orders/4517440576/1-raw.csv doesnt have clearing date
[2026/06/10-18:37:12] [WARN] PO data /home/jorge/Documents/GitHub/TFM/data/processed/04_parse_dates/sales_orders/so-311360031/purchase_orders/4517491816/1-raw.csv doesnt have clearing date
[2026/06/10-18:37:12] [WARN] Sales invoice /home/jorge/Documents/GitHub/TFM/data/processed/04_parse_dates/sales_orders/so-311360031/sales_invoices/9485101481-raw.csv doesnt have clearing date
[2026/06/10-18:37:12] [WARN] PO data /home/jorge/Documents/GitHub/TFM/data/processed/04_parse_dates/sales_orders/so-311341355/purchase_orders/4517445961/1-raw.csv doesnt have clearing date
[2026/06/10-18:37:12] [WARN] PO data /home/jorge/Documents/GitHub/TFM/data/processed/04_parse_dates/sales_orders/so-311341355/purchase_orders/4517445961/2-raw.csv doesnt have clearing date
[2026/06/10-18:37:12] [WARN] PO data /home/jorge/Documents/GitHub/TFM/data/processed/04_parse_dates/sales_orders/so-311351410/purchase_orders/4517454385/1-raw.csv doesnt have clearing date
[2026/06/10-18:37:13] [WARN] PO data /home/jorge/Documents/GitHub/TFM/data/processed/04_parse_dates/sales_orders/so-311354701/purchase_orders/4517484592/6-raw.csv doesnt have clearing date
[2026/06/10-18:37:13] [WARN] PO data /home/jorge/Documents/GitHub/TFM/data/processed/04_parse_dates/sales_orders/so-311354701/purchase_orders/4517484592/5-raw.csv doesnt have clearing date
[2026/06/10-18:37:13] [WARN] PO data /home/jorge/Documents/GitHub/TFM/data/processed/04_parse_dates/sales_orders/so-311354701/purchase_orders/4517484592/4-raw.csv doesnt have clearing date
[2026/06/10-18:37:13] [WARN] PO data /home/jorge/Documents/GitHub/TFM/data/processed/04_parse_dates/sales_orders/so-311354701/purchase_orders/4517484592/3-raw.csv doesnt have clearing date
[2026/06/10-18:37:13] [WARN] PO data /home/jorge/Documents/GitHub/TFM/data/processed/04_parse_dates/sales_orders/so-311337166/purchase_orders/451742221/9-raw.csv doesnt have clearing date
[2026/06/10-18:37:13] [WARN] PO data /home/jorge/Documents/GitHub/TFM/data/processed/04_parse_dates/sales_orders/so-311337166/purchase_orders/451742221/7-raw.csv doesnt have clearing date
[2026/06/10-18:37:13] [WARN] PO data /home/jorge/Documents/GitHub/TFM/data/processed/04_parse_dates/sales_orders/so-311337166/purchase_orders/451742221/8-raw.csv doesnt have clearing date
[2026/06/10-18:37:13] [WARN] PO data /home/jorge/Documents/GitHub/TFM/data/processed/04_parse_dates/sales_orders/so-311337166/purchase_orders/451742221/6-raw.csv doesnt have clearing date
[2026/06/10-18:37:13] [WARN] PO data /home/jorge/Documents/GitHub/TFM/data/processed/04_parse_dates/sales_orders/so-311337166/purchase_orders/451742221/1-raw.csv doesnt have clearing date
[2026/06/10-18:37:13] [WARN] PO data /home/jorge/Documents/GitHub/TFM/data/processed/04_parse_dates/sales_orders/so-311337166/purchase_orders/451742221/5-raw.csv doesnt have clearing date
[2026/06/10-18:37:13] [WARN] PO data /home/jorge/Documents/GitHub/TFM/data/processed/04_parse_dates/sales_orders/so-311337166/purchase_orders/451742221/2-raw.csv doesnt have clearing date
[2026/06/10-18:37:13] [WARN] PO data /home/jorge/Documents/GitHub/TFM/data/processed/04_parse_dates/sales_orders/so-311337166/purchase_orders/451742221/4-raw.csv doesnt have clearing date
[2026/06/10-18:37:13] [WARN] PO data /home/jorge/Documents/GitHub/TFM/data/processed/04_parse_dates/sales_orders/so-311337166/purchase_orders/451742221/3-raw.csv doesnt have clearing date
[2026/06/10-18:37:13] [WARN] PO data /home/jorge/Documents/GitHub/TFM/data/processed/04_parse_dates/sales_orders/so-0311334441/purchase_orders/4517415053/1-raw.csv doesnt have clearing date
[2026/06/10-18:37:13] [WARN] PO data /home/jorge/Documents/GitHub/TFM/data/processed/04_parse_dates/sales_orders/so-0311334441/purchase_orders/4517415053/2-raw.csv doesnt have clearing date
[2026/06/10-18:37:13] [WARN] PO data /home/jorge/Documents/GitHub/TFM/data/processed/04_parse_dates/sales_orders/so-0311334441/purchase_orders/4517415053/3-raw.csv doesnt have clearing date
[2026/06/10-18:37:13] [WARN] PO data /home/jorge/Documents/GitHub/TFM/data/processed/04_parse_dates/sales_orders/so-0311334441/purchase_orders/4517434324/1-raw.csv doesnt have clearing date
[2026/06/10-18:37:13] [WARN] PO data /home/jorge/Documents/GitHub/TFM/data/processed/04_parse_dates/sales_orders/so-0311334441/purchase_orders/4517414366/1-raw.csv doesnt have clearing date
[2026/06/10-18:37:13] [WARN] PO data /home/jorge/Documents/GitHub/TFM/data/processed/04_parse_dates/sales_orders/so-0311334441/purchase_orders/4517414366/2-raw.csv doesnt have clearing date
[2026/06/10-18:37:13] [WARN] PO data /home/jorge/Documents/GitHub/TFM/data/processed/04_parse_dates/sales_orders/so-0311334441/purchase_orders/4517414366/3-raw.csv doesnt have clearing date
[2026/06/10-18:37:13] [WARN] PO data /home/jorge/Documents/GitHub/TFM/data/processed/04_parse_dates/sales_orders/so-311341435/purchase_orders/4517430384/1-raw.csv doesnt have clearing date
[2026/06/10-18:37:13] [WARN] PO data /home/jorge/Documents/GitHub/TFM/data/processed/04_parse_dates/sales_orders/so-311341435/purchase_orders/4517430384/2-raw.csv doesnt have clearing date
[2026/06/10-18:37:13] [WARN] PO data /home/jorge/Documents/GitHub/TFM/data/processed/04_parse_dates/sales_orders/so-311355144/purchase_orders/4517462739/1-raw.csv doesnt have clearing date
[2026/06/10-18:37:13] [WARN] PO data /home/jorge/Documents/GitHub/TFM/data/processed/04_parse_dates/sales_orders/so-311370326/purchase_orders/4517500660/1-raw.csv doesnt have clearing date
[2026/06/10-18:37:13] [WARN] PO data /home/jorge/Documents/GitHub/TFM/data/processed/04_parse_dates/sales_orders/so-311370326/purchase_orders/4517500660/2-raw.csv doesnt have clearing date
[2026/06/10-18:37:13] [WARN] PO data /home/jorge/Documents/GitHub/TFM/data/processed/04_parse_dates/sales_orders/so-311370326/purchase_orders/4517500660/3-raw.csv doesnt have clearing date
[2026/06/10-18:37:13] [WARN] Sales invoice /home/jorge/Documents/GitHub/TFM/data/processed/04_parse_dates/sales_orders/so-311370326/sales_invoices/9400018458-raw.csv doesnt have clearing date
[2026/06/10-18:37:13] [WARN] PO data /home/jorge/Documents/GitHub/TFM/data/processed/04_parse_dates/sales_orders/so-311357654/purchase_orders/4517490168/1-raw.csv doesnt have clearing date
[2026/06/10-18:37:13] [WARN] PO data /home/jorge/Documents/GitHub/TFM/data/processed/04_parse_dates/sales_orders/so-311357654/purchase_orders/4517490168/2-raw.csv doesnt have clearing date
[2026/06/10-18:37:13] [WARN] PO data /home/jorge/Documents/GitHub/TFM/data/processed/04_parse_dates/sales_orders/so-311357654/purchase_orders/4517490168/3-raw.csv doesnt have clearing date
[2026/06/10-18:37:13] [WARN] PO data /home/jorge/Documents/GitHub/TFM/data/processed/04_parse_dates/sales_orders/so-311357654/purchase_orders/4517506781/1-raw.csv has an invalid clearing date
[2026/06/10-18:37:13] [WARN] Sales invoice /home/jorge/Documents/GitHub/TFM/data/processed/04_parse_dates/sales_orders/so-311357654/sales_invoices/9400017640-raw.csv doesnt have clearing date
[2026/06/10-18:37:13] [WARN] PO data /home/jorge/Documents/GitHub/TFM/data/processed/04_parse_dates/sales_orders/so-311324844/purchase_orders/4517394447/1-raw.csv doesnt have clearing date
[2026/06/10-18:37:13] [WARN] PO data /home/jorge/Documents/GitHub/TFM/data/processed/04_parse_dates/sales_orders/so-311324844/purchase_orders/4517394447/2-raw.csv doesnt have clearing date
[2026/06/10-18:37:13] [WARN] PO data /home/jorge/Documents/GitHub/TFM/data/processed/04_parse_dates/sales_orders/so-311324844/purchase_orders/4517394447/3-raw.csv doesnt have clearing date
[2026/06/10-18:37:13] [WARN] Sales invoice /home/jorge/Documents/GitHub/TFM/data/processed/04_parse_dates/sales_orders/so-311324844/sales_invoices/9450000255-raw.csv doesnt have clearing date
[2026/06/10-18:37:13] [WARN] PO data /home/jorge/Documents/GitHub/TFM/data/processed/04_parse_dates/sales_orders/so-311340406/purchase_orders/4517486590/1-raw.csv doesnt have clearing date
[2026/06/10-18:37:13] [WARN] PO data /home/jorge/Documents/GitHub/TFM/data/processed/04_parse_dates/sales_orders/so-311340406/purchase_orders/4517429182/1-raw.csv doesnt have clearing date
[2026/06/10-18:37:13] [WARN] Sales invoice /home/jorge/Documents/GitHub/TFM/data/processed/04_parse_dates/sales_orders/so-311340406/sales_invoices/9485100538-raw.csv doesnt have clearing date
[2026/06/10-18:37:13] [WARN] PO data /home/jorge/Documents/GitHub/TFM/data/processed/04_parse_dates/sales_orders/so-311337941/purchase_orders/4517424614/1-raw.csv doesnt have clearing date
[2026/06/10-18:37:13] [WARN] PO data /home/jorge/Documents/GitHub/TFM/data/processed/04_parse_dates/sales_orders/so-311337941/purchase_orders/4517424614/5-raw.csv doesnt have clearing date
[2026/06/10-18:37:13] [WARN] PO data /home/jorge/Documents/GitHub/TFM/data/processed/04_parse_dates/sales_orders/so-311337941/purchase_orders/4517424614/2-raw.csv doesnt have clearing date
[2026/06/10-18:37:13] [WARN] PO data /home/jorge/Documents/GitHub/TFM/data/processed/04_parse_dates/sales_orders/so-311337941/purchase_orders/4517424614/4-raw.csv doesnt have clearing date
[2026/06/10-18:37:13] [WARN] PO data /home/jorge/Documents/GitHub/TFM/data/processed/04_parse_dates/sales_orders/so-311337941/purchase_orders/4517424614/3-raw.csv doesnt have clearing date
[2026/06/10-18:37:13] [WARN] PO data /home/jorge/Documents/GitHub/TFM/data/processed/04_parse_dates/sales_orders/so-311336042/purchase_orders/4517420949/1-raw.csv doesnt have clearing date
[2026/06/10-18:37:13] [WARN] PO data /home/jorge/Documents/GitHub/TFM/data/processed/04_parse_dates/sales_orders/so-311336042/purchase_orders/4517466027/1-raw.csv has an invalid clearing date
[2026/06/10-18:37:13] [WARN] Sales invoice /home/jorge/Documents/GitHub/TFM/data/processed/04_parse_dates/sales_orders/so-311365940/sales_invoices/9485101453-raw.csv doesnt have clearing date
[2026/06/10-18:37:13] [WARN] Sales invoice /home/jorge/Documents/GitHub/TFM/data/processed/04_parse_dates/sales_orders/so-311365940/sales_invoices/9485101454-raw.csv doesnt have clearing date
[2026/06/10-18:37:13] [WARN] PO data /home/jorge/Documents/GitHub/TFM/data/processed/04_parse_dates/sales_orders/so-311355385/purchase_orders/4517463291/1-raw.csv doesnt have clearing date
[2026/06/10-18:37:13] [WARN] PO data /home/jorge/Documents/GitHub/TFM/data/processed/04_parse_dates/sales_orders/so-311350506/purchase_orders/4517452050/1-raw.csv doesnt have clearing date
[2026/06/10-18:37:13] [WARN] PO data /home/jorge/Documents/GitHub/TFM/data/processed/04_parse_dates/sales_orders/so-311357062/purchase_orders/4517468531/3-raw.csv doesnt have clearing date
[2026/06/10-18:37:13] [WARN] Sales invoice /home/jorge/Documents/GitHub/TFM/data/processed/04_parse_dates/sales_orders/so-311357062/sales_invoices/9450000313-raw.csv doesnt have clearing date
[2026/06/10-18:37:13] [WARN] Sales invoice /home/jorge/Documents/GitHub/TFM/data/processed/04_parse_dates/sales_orders/so-311357062/sales_invoices/9450000315-raw.csv doesnt have clearing date
[2026/06/10-18:37:13] [WARN] Sales invoice /home/jorge/Documents/GitHub/TFM/data/processed/04_parse_dates/sales_orders/so-311357062/sales_invoices/9450000311-raw.csv doesnt have clearing date
[2026/06/10-18:37:13] [WARN] Sales invoice /home/jorge/Documents/GitHub/TFM/data/processed/04_parse_dates/sales_orders/so-311369550/sales_invoices/9400018261-raw.csv doesnt have clearing date
[2026/06/10-18:37:13] [WARN] PO data /home/jorge/Documents/GitHub/TFM/data/processed/04_parse_dates/sales_orders/so-311355543/purchase_orders/4517464452/1-raw.csv doesnt have clearing date
[2026/06/10-18:37:13] [WARN] PO data /home/jorge/Documents/GitHub/TFM/data/processed/04_parse_dates/sales_orders/so-311342180/purchase_orders/4517498344/1-raw.csv doesnt have clearing date
[2026/06/10-18:37:13] [WARN] PO data /home/jorge/Documents/GitHub/TFM/data/processed/04_parse_dates/sales_orders/so-311342180/purchase_orders/4517500648/1-raw.csv doesnt have clearing date
[2026/06/10-18:37:13] [WARN] PO data /home/jorge/Documents/GitHub/TFM/data/processed/04_parse_dates/sales_orders/so-311342180/purchase_orders/4517430077/1-raw.csv doesnt have clearing date
[2026/06/10-18:37:13] [WARN] PO data /home/jorge/Documents/GitHub/TFM/data/processed/04_parse_dates/sales_orders/so-311356946/purchase_orders/4517502312/1-raw.csv has an invalid clearing date
[2026/06/10-18:37:13] [WARN] PO data /home/jorge/Documents/GitHub/TFM/data/processed/04_parse_dates/sales_orders/so-311356946/purchase_orders/4517502312/2-raw.csv has an invalid clearing date
[2026/06/10-18:37:13] [WARN] PO data /home/jorge/Documents/GitHub/TFM/data/processed/04_parse_dates/sales_orders/so-311356946/purchase_orders/4517506080/1-raw.csv doesnt have clearing date
[2026/06/10-18:37:13] [WARN] PO data /home/jorge/Documents/GitHub/TFM/data/processed/04_parse_dates/sales_orders/so-311356946/purchase_orders/4517508369/1-raw.csv doesnt have clearing date
[2026/06/10-18:37:13] [WARN] PO data /home/jorge/Documents/GitHub/TFM/data/processed/04_parse_dates/sales_orders/so-311356946/purchase_orders/4517505296/1-raw.csv has an invalid clearing date
[2026/06/10-18:37:13] [WARN] PO data /home/jorge/Documents/GitHub/TFM/data/processed/04_parse_dates/sales_orders/so-311356946/purchase_orders/4517503853/1-raw.csv has an invalid clearing date
[2026/06/10-18:37:13] [WARN] PO data /home/jorge/Documents/GitHub/TFM/data/processed/04_parse_dates/sales_orders/so-311356946/purchase_orders/4517503853/2-raw.csv has an invalid clearing date
[2026/06/10-18:37:13] [WARN] PO data /home/jorge/Documents/GitHub/TFM/data/processed/04_parse_dates/sales_orders/so-311356946/purchase_orders/4517494048/1-raw.csv doesnt have clearing date
[2026/06/10-18:37:13] [WARN] PO data /home/jorge/Documents/GitHub/TFM/data/processed/04_parse_dates/sales_orders/so-311356946/purchase_orders/4517503826/1-raw.csv doesnt have clearing date
[2026/06/10-18:37:13] [WARN] PO data /home/jorge/Documents/GitHub/TFM/data/processed/04_parse_dates/sales_orders/so-311356946/purchase_orders/4517505949/1-raw.csv has an invalid clearing date
[2026/06/10-18:37:13] [WARN] PO data /home/jorge/Documents/GitHub/TFM/data/processed/04_parse_dates/sales_orders/so-311356946/purchase_orders/4517505949/2-raw.csv has an invalid clearing date
[2026/06/10-18:37:13] [WARN] Sales invoice /home/jorge/Documents/GitHub/TFM/data/processed/04_parse_dates/sales_orders/so-311356946/sales_invoices/9405001558-raw.csv doesnt have clearing date
[2026/06/10-18:37:13] [WARN] Sales invoice /home/jorge/Documents/GitHub/TFM/data/processed/04_parse_dates/sales_orders/so-311356946/sales_invoices/9400014528-raw.csv doesnt have clearing date
[2026/06/10-18:37:13] [WARN] PO data /home/jorge/Documents/GitHub/TFM/data/processed/04_parse_dates/sales_orders/so-311349805/purchase_orders/4517449783/1-raw.csv doesnt have clearing date
[2026/06/10-18:37:13] [WARN] PO data /home/jorge/Documents/GitHub/TFM/data/processed/04_parse_dates/sales_orders/so-311349805/purchase_orders/4517449783/2-raw.csv doesnt have clearing date
[2026/06/10-18:37:13] [WARN] PO data /home/jorge/Documents/GitHub/TFM/data/processed/04_parse_dates/sales_orders/so-311349805/purchase_orders/4517449783/4-raw.csv doesnt have clearing date
[2026/06/10-18:37:13] [WARN] PO data /home/jorge/Documents/GitHub/TFM/data/processed/04_parse_dates/sales_orders/so-311349805/purchase_orders/4517449783/3-raw.csv doesnt have clearing date
[2026/06/10-18:37:13] [WARN] PO data /home/jorge/Documents/GitHub/TFM/data/processed/04_parse_dates/sales_orders/so-94PO-00143.p/purchase_orders/4517493327/1-raw.csv has an invalid clearing date
[2026/06/10-18:37:13] [WARN] PO data /home/jorge/Documents/GitHub/TFM/data/processed/04_parse_dates/sales_orders/so-94PO-00143.p/purchase_orders/4517493327/2-raw.csv has an invalid clearing date
[2026/06/10-18:37:13] [WARN] PO data /home/jorge/Documents/GitHub/TFM/data/processed/04_parse_dates/sales_orders/so-311363517/purchase_orders/4517486590/1-raw.csv doesnt have clearing date
[2026/06/10-18:37:13] [WARN] PO data /home/jorge/Documents/GitHub/TFM/data/processed/04_parse_dates/sales_orders/so-311363517/purchase_orders/4517429182/1-raw.csv doesnt have clearing date
[2026/06/10-18:37:13] [WARN] Sales invoice /home/jorge/Documents/GitHub/TFM/data/processed/04_parse_dates/sales_orders/so-311363517/sales_invoices/9485100538-raw.csv doesnt have clearing date
[2026/06/10-18:37:13] [WARN] Sales invoice /home/jorge/Documents/GitHub/TFM/data/processed/04_parse_dates/sales_orders/so-311363517/sales_invoices/9485100537-raw.csv doesnt have clearing date
[2026/06/10-18:37:13] [WARN] PO data /home/jorge/Documents/GitHub/TFM/data/processed/04_parse_dates/sales_orders/so-311354133/purchase_orders/4517461458/1-raw.csv doesnt have clearing date
[2026/06/10-18:37:13] [WARN] PO data /home/jorge/Documents/GitHub/TFM/data/processed/04_parse_dates/sales_orders/so-311342415/purchase_orders/4517443657/1-raw.csv doesnt have clearing date
[2026/06/10-18:37:13] [WARN] PO data /home/jorge/Documents/GitHub/TFM/data/processed/04_parse_dates/sales_orders/so-311365631/purchase_orders/4517487428/1-raw.csv doesnt have clearing date
[2026/06/10-18:37:13] [WARN] PO data /home/jorge/Documents/GitHub/TFM/data/processed/04_parse_dates/sales_orders/so-311349988/purchase_orders/4517450922/1-raw.csv doesnt have clearing date
[2026/06/10-18:37:13] [WARN] PO data /home/jorge/Documents/GitHub/TFM/data/processed/04_parse_dates/sales_orders/so-311349988/purchase_orders/4517450922/2-raw.csv doesnt have clearing date
[2026/06/10-18:37:13] [WARN] PO data /home/jorge/Documents/GitHub/TFM/data/processed/04_parse_dates/sales_orders/so-311349988/purchase_orders/4517450922/3-raw.csv doesnt have clearing date
[2026/06/10-18:37:13] [WARN] PO data /home/jorge/Documents/GitHub/TFM/data/processed/04_parse_dates/sales_orders/so-0311341435/purchase_orders/4517430384/1-raw.csv doesnt have clearing date
[2026/06/10-18:37:13] [WARN] PO data /home/jorge/Documents/GitHub/TFM/data/processed/04_parse_dates/sales_orders/so-0311341435/purchase_orders/4517430384/2-raw.csv doesnt have clearing date
[2026/06/10-18:37:13] [WARN] PO data /home/jorge/Documents/GitHub/TFM/data/processed/04_parse_dates/sales_orders/so-311355955/purchase_orders/4517463826/1-raw.csv doesnt have clearing date
[2026/06/10-18:37:13] [WARN] PO data /home/jorge/Documents/GitHub/TFM/data/processed/04_parse_dates/sales_orders/so-311355955/purchase_orders/4517463826/2-raw.csv doesnt have clearing date
[2026/06/10-18:37:13] [WARN] PO data /home/jorge/Documents/GitHub/TFM/data/processed/04_parse_dates/sales_orders/so-311362941/purchase_orders/4517497389/1-raw.csv has an invalid clearing date
[2026/06/10-18:37:13] [WARN] Sales invoice /home/jorge/Documents/GitHub/TFM/data/processed/04_parse_dates/sales_orders/so-311362941/sales_invoices/9450000335-raw.csv doesnt have clearing date
[2026/06/10-18:37:13] [WARN] Sales invoice /home/jorge/Documents/GitHub/TFM/data/processed/04_parse_dates/sales_orders/so-311348967/sales_invoices/9450000187-raw.csv doesnt have clearing date
[2026/06/10-18:37:13] [WARN] PO data /home/jorge/Documents/GitHub/TFM/data/processed/04_parse_dates/sales_orders/so-311350090/purchase_orders/4517455016/1-raw.csv doesnt have clearing date
[2026/06/10-18:37:13] [WARN] PO data /home/jorge/Documents/GitHub/TFM/data/processed/04_parse_dates/sales_orders/so-311350090/purchase_orders/4517455016/2-raw.csv doesnt have clearing date
[2026/06/10-18:37:13] [WARN] PO data /home/jorge/Documents/GitHub/TFM/data/processed/04_parse_dates/sales_orders/so-311350090/purchase_orders/4517455016/4-raw.csv doesnt have clearing date
[2026/06/10-18:37:13] [WARN] PO data /home/jorge/Documents/GitHub/TFM/data/processed/04_parse_dates/sales_orders/so-311350090/purchase_orders/4517455016/3-raw.csv doesnt have clearing date
[2026/06/10-18:37:13] [WARN] PO data /home/jorge/Documents/GitHub/TFM/data/processed/04_parse_dates/sales_orders/so-311343684/purchase_orders/4517474781/3-raw.csv doesnt have clearing date
[2026/06/10-18:37:13] [WARN] PO data /home/jorge/Documents/GitHub/TFM/data/processed/04_parse_dates/sales_orders/so-311343684/purchase_orders/4517443657/1-raw.csv doesnt have clearing date
[2026/06/10-18:37:13] [WARN] Sales invoice /home/jorge/Documents/GitHub/TFM/data/processed/04_parse_dates/sales_orders/so-311343684/sales_invoices/9450000279-raw.csv doesnt have clearing date
[2026/06/10-18:37:13] [WARN] Sales invoice /home/jorge/Documents/GitHub/TFM/data/processed/04_parse_dates/sales_orders/so-311343684/sales_invoices/9450000237-raw.csv doesnt have clearing date
[2026/06/10-18:37:13] [WARN] PO data /home/jorge/Documents/GitHub/TFM/data/processed/04_parse_dates/sales_orders/so-311359641/purchase_orders/4517488737/1-raw.csv doesnt have clearing date
[2026/06/10-18:37:13] [WARN] PO data /home/jorge/Documents/GitHub/TFM/data/processed/04_parse_dates/sales_orders/so-311359641/purchase_orders/4517488737/2-raw.csv has an invalid clearing date
[2026/06/10-18:37:13] [WARN] PO data /home/jorge/Documents/GitHub/TFM/data/processed/04_parse_dates/sales_orders/so-311350451/purchase_orders/4517452224/1-raw.csv doesnt have clearing date
[2026/06/10-18:37:13] [WARN] PO data /home/jorge/Documents/GitHub/TFM/data/processed/04_parse_dates/sales_orders/so-311350451/purchase_orders/4517452224/2-raw.csv doesnt have clearing date
[2026/06/10-18:37:13] [WARN] PO data /home/jorge/Documents/GitHub/TFM/data/processed/04_parse_dates/sales_orders/so-311346079/purchase_orders/4517454020/1-raw.csv doesnt have clearing date
[2026/06/10-18:37:13] [WARN] PO data /home/jorge/Documents/GitHub/TFM/data/processed/04_parse_dates/sales_orders/so-311337825/purchase_orders/4517421607/7-raw.csv doesnt have clearing date
[2026/06/10-18:37:13] [WARN] PO data /home/jorge/Documents/GitHub/TFM/data/processed/04_parse_dates/sales_orders/so-311337825/purchase_orders/4517421607/1-raw.csv doesnt have clearing date
[2026/06/10-18:37:13] [WARN] PO data /home/jorge/Documents/GitHub/TFM/data/processed/04_parse_dates/sales_orders/so-311337825/purchase_orders/4517421607/5-raw.csv doesnt have clearing date
[2026/06/10-18:37:13] [WARN] PO data /home/jorge/Documents/GitHub/TFM/data/processed/04_parse_dates/sales_orders/so-311337825/purchase_orders/4517421607/2-raw.csv doesnt have clearing date
[2026/06/10-18:37:13] [WARN] PO data /home/jorge/Documents/GitHub/TFM/data/processed/04_parse_dates/sales_orders/so-311337825/purchase_orders/4517421607/4-raw.csv doesnt have clearing date
[2026/06/10-18:37:13] [WARN] PO data /home/jorge/Documents/GitHub/TFM/data/processed/04_parse_dates/sales_orders/so-311337825/purchase_orders/4517421607/3-raw.csv doesnt have clearing date
[2026/06/10-18:37:13] [WARN] PO data /home/jorge/Documents/GitHub/TFM/data/processed/04_parse_dates/sales_orders/so-311342409/purchase_orders/4517433226/1-raw.csv doesnt have clearing date
[2026/06/10-18:37:13] [WARN] PO data /home/jorge/Documents/GitHub/TFM/data/processed/04_parse_dates/sales_orders/so-311342409/purchase_orders/4517433226/2-raw.csv doesnt have clearing date
[2026/06/10-18:37:13] [WARN] PO data /home/jorge/Documents/GitHub/TFM/data/processed/04_parse_dates/sales_orders/so-311337792/purchase_orders/4517420739/1-raw.csv doesnt have clearing date
[2026/06/10-18:37:14] [WARN] PO data /home/jorge/Documents/GitHub/TFM/data/processed/04_parse_dates/sales_orders/so-311345022/purchase_orders/4517505349/1-raw.csv has an invalid clearing date
[2026/06/10-18:37:14] [WARN] PO data /home/jorge/Documents/GitHub/TFM/data/processed/04_parse_dates/sales_orders/so-311345022/purchase_orders/4517505349/2-raw.csv has an invalid clearing date
[2026/06/10-18:37:14] [WARN] Sales invoice /home/jorge/Documents/GitHub/TFM/data/processed/04_parse_dates/sales_orders/so-311345022/sales_invoices/9450000331-raw.csv doesnt have clearing date
[2026/06/10-18:37:14] [WARN] PO data /home/jorge/Documents/GitHub/TFM/data/processed/04_parse_dates/sales_orders/so-311350635/purchase_orders/4517461812/1-raw.csv has an invalid clearing date
[2026/06/10-18:37:14] [WARN] Sales invoice /home/jorge/Documents/GitHub/TFM/data/processed/04_parse_dates/sales_orders/so-311350635/sales_invoices/9450000202-raw.csv doesnt have clearing date
[2026/06/10-18:37:14] [WARN] Sales invoice /home/jorge/Documents/GitHub/TFM/data/processed/04_parse_dates/sales_orders/so-311350635/sales_invoices/9450000239-raw.csv doesnt have clearing date
[2026/06/10-18:37:14] [WARN] PO data /home/jorge/Documents/GitHub/TFM/data/processed/04_parse_dates/sales_orders/so-311350471/purchase_orders/4517453190/1-raw.csv has an invalid clearing date
[2026/06/10-18:37:14] [WARN] PO data /home/jorge/Documents/GitHub/TFM/data/processed/04_parse_dates/sales_orders/so-311350471/purchase_orders/4517453190/2-raw.csv has an invalid clearing date
[2026/06/10-18:37:14] [WARN] Sales invoice /home/jorge/Documents/GitHub/TFM/data/processed/04_parse_dates/sales_orders/so-311362862/sales_invoices/9400017636-raw.csv doesnt have clearing date
[2026/06/10-18:37:14] [WARN] PO data /home/jorge/Documents/GitHub/TFM/data/processed/04_parse_dates/sales_orders/so-311344703/purchase_orders/4517443657/1-raw.csv doesnt have clearing date
[2026/06/10-18:37:14] [WARN] PO data /home/jorge/Documents/GitHub/TFM/data/processed/04_parse_dates/sales_orders/so-311369154/purchase_orders/4517499218/1-raw.csv doesnt have clearing date
[2026/06/10-18:37:14] [WARN] PO data /home/jorge/Documents/GitHub/TFM/data/processed/04_parse_dates/sales_orders/so-311369154/purchase_orders/4517499218/2-raw.csv doesnt have clearing date
[2026/06/10-18:37:14] [WARN] PO data /home/jorge/Documents/GitHub/TFM/data/processed/04_parse_dates/sales_orders/so-311360981/purchase_orders/4517483222/1-raw.csv doesnt have clearing date
[2026/06/10-18:37:14] [WARN] Sales invoice /home/jorge/Documents/GitHub/TFM/data/processed/04_parse_dates/sales_orders/so-311360981/sales_invoices/9485101276-raw.csv doesnt have clearing date
[2026/06/10-18:37:14] [WARN] PO data /home/jorge/Documents/GitHub/TFM/data/processed/04_parse_dates/sales_orders/so-311350379/purchase_orders/4517451872/1-raw.csv doesnt have clearing date
[2026/06/10-18:37:14] [WARN] PO data /home/jorge/Documents/GitHub/TFM/data/processed/04_parse_dates/sales_orders/so-311353331/purchase_orders/4517458760/1-raw.csv doesnt have clearing date
[2026/06/10-18:37:14] [WARN] PO data /home/jorge/Documents/GitHub/TFM/data/processed/04_parse_dates/sales_orders/so-311353331/purchase_orders/4517458760/2-raw.csv doesnt have clearing date
[2026/06/10-18:37:14] [WARN] PO data /home/jorge/Documents/GitHub/TFM/data/processed/04_parse_dates/sales_orders/so-311353331/purchase_orders/4517458760/3-raw.csv doesnt have clearing date
[2026/06/10-18:37:14] [WARN] Sales invoice /home/jorge/Documents/GitHub/TFM/data/processed/04_parse_dates/sales_orders/so-311353331/sales_invoices/9400015677-raw.csv doesnt have clearing date
[2026/06/10-18:37:14] [WARN] PO data /home/jorge/Documents/GitHub/TFM/data/processed/04_parse_dates/sales_orders/so-311349570/purchase_orders/4517461458/1-raw.csv doesnt have clearing date
[2026/06/10-18:37:14] [WARN] PO data /home/jorge/Documents/GitHub/TFM/data/processed/04_parse_dates/sales_orders/so-311362495/purchase_orders/4517500127/1-raw.csv doesnt have clearing date
[2026/06/10-18:37:14] [WARN] Sales invoice /home/jorge/Documents/GitHub/TFM/data/processed/04_parse_dates/sales_orders/so-311362495/sales_invoices/9400018210-raw.csv doesnt have clearing date
[2026/06/10-18:37:14] [WARN] PO data /home/jorge/Documents/GitHub/TFM/data/processed/04_parse_dates/sales_orders/so-311369166/purchase_orders/4517503833/1-raw.csv doesnt have clearing date
[2026/06/10-18:37:14] [WARN] PO data /home/jorge/Documents/GitHub/TFM/data/processed/04_parse_dates/sales_orders/so-311369166/purchase_orders/4517503832/1-raw.csv doesnt have clearing date
[2026/06/10-18:37:14] [WARN] PO data /home/jorge/Documents/GitHub/TFM/data/processed/04_parse_dates/sales_orders/so-311338886/purchase_orders/4517425201/1-raw.csv doesnt have clearing date
[2026/06/10-18:37:14] [WARN] PO data /home/jorge/Documents/GitHub/TFM/data/processed/04_parse_dates/sales_orders/so-311338886/purchase_orders/4517425201/2-raw.csv doesnt have clearing date
[2026/06/10-18:37:14] [WARN] PO data /home/jorge/Documents/GitHub/TFM/data/processed/04_parse_dates/sales_orders/so-311335768/purchase_orders/4517440251/1-raw.csv doesnt have clearing date
[2026/06/10-18:37:14] [WARN] PO data /home/jorge/Documents/GitHub/TFM/data/processed/04_parse_dates/sales_orders/so-311349762/purchase_orders/4517450625/1-raw.csv doesnt have clearing date
[2026/06/10-18:37:14] [WARN] PO data /home/jorge/Documents/GitHub/TFM/data/processed/04_parse_dates/sales_orders/so-311349762/purchase_orders/4517450625/2-raw.csv doesnt have clearing date
[2026/06/10-18:37:14] [WARN] PO data /home/jorge/Documents/GitHub/TFM/data/processed/04_parse_dates/sales_orders/so-311349762/purchase_orders/4517450625/3-raw.csv doesnt have clearing date
[2026/06/10-18:37:14] [WARN] Sales invoice /home/jorge/Documents/GitHub/TFM/data/processed/04_parse_dates/sales_orders/so-311372439/sales_invoices/9400018000-raw.csv doesnt have clearing date
[2026/06/10-18:37:14] [WARN] PO data /home/jorge/Documents/GitHub/TFM/data/processed/04_parse_dates/sales_orders/so-311356958/purchase_orders/4517485985/1-raw.csv doesnt have clearing date
[2026/06/10-18:37:14] [WARN] PO data /home/jorge/Documents/GitHub/TFM/data/processed/04_parse_dates/sales_orders/so-311362330/purchase_orders/4517424744/1-raw.csv doesnt have clearing date
[2026/06/10-18:37:14] [WARN] PO data /home/jorge/Documents/GitHub/TFM/data/processed/04_parse_dates/sales_orders/so-311362330/purchase_orders/4517424744/2-raw.csv doesnt have clearing date
[2026/06/10-18:37:14] [WARN] Sales invoice /home/jorge/Documents/GitHub/TFM/data/processed/04_parse_dates/sales_orders/so-311361047/sales_invoices/9485101482-raw.csv doesnt have clearing date
[2026/06/10-18:37:14] [WARN] PO data /home/jorge/Documents/GitHub/TFM/data/processed/04_parse_dates/sales_orders/so-311333854/purchase_orders/4517430754/1-raw.csv doesnt have clearing date
[2026/06/10-18:37:14] [WARN] Sales invoice /home/jorge/Documents/GitHub/TFM/data/processed/04_parse_dates/sales_orders/so-311333854/sales_invoices/9450000182-raw.csv doesnt have clearing date
[2026/06/10-18:37:14] [WARN] PO data /home/jorge/Documents/GitHub/TFM/data/processed/04_parse_dates/sales_orders/so-311349616/purchase_orders/4517483326/1-raw.csv doesnt have clearing date
[2026/06/10-18:37:14] [WARN] PO data /home/jorge/Documents/GitHub/TFM/data/processed/04_parse_dates/sales_orders/so-311349616/purchase_orders/4517450226/1-raw.csv doesnt have clearing date
[2026/06/10-18:37:14] [WARN] PO data /home/jorge/Documents/GitHub/TFM/data/processed/04_parse_dates/sales_orders/so-311349616/purchase_orders/4517450226/2-raw.csv doesnt have clearing date
[2026/06/10-18:37:14] [WARN] Sales invoice /home/jorge/Documents/GitHub/TFM/data/processed/04_parse_dates/sales_orders/so-311349616/sales_invoices/9400018333-raw.csv doesnt have clearing date
[2026/06/10-18:37:14] [WARN] PO data /home/jorge/Documents/GitHub/TFM/data/processed/04_parse_dates/sales_orders/so-311364076/purchase_orders/4517497058/1-raw.csv doesnt have clearing date
[2026/06/10-18:37:14] [WARN] PO data /home/jorge/Documents/GitHub/TFM/data/processed/04_parse_dates/sales_orders/so-94PO-00179/purchase_orders/4517456114/1-raw.csv has an invalid clearing date
[2026/06/10-18:37:14] [WARN] PO data /home/jorge/Documents/GitHub/TFM/data/processed/04_parse_dates/sales_orders/so-94PO-00179/purchase_orders/4517456114/2-raw.csv has an invalid clearing date
[2026/06/10-18:37:14] [WARN] PO data /home/jorge/Documents/GitHub/TFM/data/processed/04_parse_dates/sales_orders/so-94PO-00179/purchase_orders/4517415053/1-raw.csv doesnt have clearing date
[2026/06/10-18:37:14] [WARN] PO data /home/jorge/Documents/GitHub/TFM/data/processed/04_parse_dates/sales_orders/so-94PO-00179/purchase_orders/4517415053/2-raw.csv doesnt have clearing date
[2026/06/10-18:37:14] [WARN] Sales invoice /home/jorge/Documents/GitHub/TFM/data/processed/04_parse_dates/sales_orders/so-311355641/sales_invoices/9450000326-raw.csv doesnt have clearing date
[2026/06/10-18:37:14] [WARN] PO data /home/jorge/Documents/GitHub/TFM/data/processed/04_parse_dates/sales_orders/so-311348707/purchase_orders/4517425201/1-raw.csv doesnt have clearing date
[2026/06/10-18:37:14] [WARN] PO data /home/jorge/Documents/GitHub/TFM/data/processed/04_parse_dates/sales_orders/so-311348707/purchase_orders/4517425201/2-raw.csv doesnt have clearing date
[2026/06/10-18:37:14] [WARN] PO data /home/jorge/Documents/GitHub/TFM/data/processed/04_parse_dates/sales_orders/so-311357526/purchase_orders/4517468812/2-raw.csv doesnt have clearing date
[2026/06/10-18:37:14] [WARN] PO data /home/jorge/Documents/GitHub/TFM/data/processed/04_parse_dates/sales_orders/so-311348614/purchase_orders/4517469126/1-raw.csv has an invalid clearing date
[2026/06/10-18:37:14] [WARN] PO data /home/jorge/Documents/GitHub/TFM/data/processed/04_parse_dates/sales_orders/so-311348614/purchase_orders/4517469126/2-raw.csv has an invalid clearing date
[2026/06/10-18:37:14] [WARN] Sales invoice /home/jorge/Documents/GitHub/TFM/data/processed/04_parse_dates/sales_orders/so-311348614/sales_invoices/9450000231-raw.csv doesnt have clearing date
[2026/06/10-18:37:14] [WARN] Sales invoice /home/jorge/Documents/GitHub/TFM/data/processed/04_parse_dates/sales_orders/so-311348614/sales_invoices/9450000194-raw.csv doesnt have clearing date
[2026/06/10-18:37:14] [WARN] PO data /home/jorge/Documents/GitHub/TFM/data/processed/04_parse_dates/sales_orders/so-311351573/purchase_orders/4517494522/1-raw.csv has an invalid clearing date
[2026/06/10-18:37:14] [WARN] PO data /home/jorge/Documents/GitHub/TFM/data/processed/04_parse_dates/sales_orders/so-311351573/purchase_orders/4517494522/2-raw.csv has an invalid clearing date
[2026/06/10-18:37:14] [WARN] PO data /home/jorge/Documents/GitHub/TFM/data/processed/04_parse_dates/sales_orders/so-311351573/purchase_orders/4517494522/4-raw.csv has an invalid clearing date
[2026/06/10-18:37:14] [WARN] PO data /home/jorge/Documents/GitHub/TFM/data/processed/04_parse_dates/sales_orders/so-311351573/purchase_orders/4517494522/3-raw.csv has an invalid clearing date
[2026/06/10-18:37:14] [WARN] PO data /home/jorge/Documents/GitHub/TFM/data/processed/04_parse_dates/sales_orders/so-311353000/purchase_orders/4517457831/1-raw.csv doesnt have clearing date
[2026/06/10-18:37:14] [WARN] PO data /home/jorge/Documents/GitHub/TFM/data/processed/04_parse_dates/sales_orders/so-311348523/purchase_orders/4517448753/1-raw.csv doesnt have clearing date
[2026/06/10-18:37:14] [WARN] PO data /home/jorge/Documents/GitHub/TFM/data/processed/04_parse_dates/sales_orders/so-311348523/purchase_orders/4517448753/2-raw.csv doesnt have clearing date
[2026/06/10-18:37:14] [WARN] PO data /home/jorge/Documents/GitHub/TFM/data/processed/04_parse_dates/sales_orders/so-311367416/purchase_orders/4517503777/1-raw.csv has an invalid clearing date
[2026/06/10-18:37:14] [WARN] PO data /home/jorge/Documents/GitHub/TFM/data/processed/04_parse_dates/sales_orders/so-311367416/purchase_orders/4517490465/1-raw.csv doesnt have clearing date
[2026/06/10-18:37:14] [WARN] PO data /home/jorge/Documents/GitHub/TFM/data/processed/04_parse_dates/sales_orders/so-311367416/purchase_orders/4517490465/2-raw.csv doesnt have clearing date
[2026/06/10-18:37:14] [WARN] PO data /home/jorge/Documents/GitHub/TFM/data/processed/04_parse_dates/sales_orders/so-311367416/purchase_orders/4517490465/3-raw.csv doesnt have clearing date
[2026/06/10-18:37:14] [WARN] PO data /home/jorge/Documents/GitHub/TFM/data/processed/04_parse_dates/sales_orders/so-311362732/purchase_orders/4517468904/1-raw.csv doesnt have clearing date
[2026/06/10-18:37:14] [WARN] PO data /home/jorge/Documents/GitHub/TFM/data/processed/04_parse_dates/sales_orders/so-311362732/purchase_orders/4517468904/2-raw.csv doesnt have clearing date
[2026/06/10-18:37:14] [WARN] PO data /home/jorge/Documents/GitHub/TFM/data/processed/04_parse_dates/sales_orders/so-311344494/purchase_orders/4517475909/1-raw.csv has an invalid clearing date
[2026/06/10-18:37:14] [WARN] PO data /home/jorge/Documents/GitHub/TFM/data/processed/04_parse_dates/sales_orders/so-311344494/purchase_orders/4517459026/9-raw.csv doesnt have clearing date
[2026/06/10-18:37:14] [WARN] PO data /home/jorge/Documents/GitHub/TFM/data/processed/04_parse_dates/sales_orders/so-311344494/purchase_orders/4517459026/7-raw.csv doesnt have clearing date
[2026/06/10-18:37:14] [WARN] PO data /home/jorge/Documents/GitHub/TFM/data/processed/04_parse_dates/sales_orders/so-311344494/purchase_orders/4517459026/8-raw.csv doesnt have clearing date
[2026/06/10-18:37:14] [WARN] PO data /home/jorge/Documents/GitHub/TFM/data/processed/04_parse_dates/sales_orders/so-311344494/purchase_orders/4517459026/6-raw.csv doesnt have clearing date
[2026/06/10-18:37:14] [WARN] PO data /home/jorge/Documents/GitHub/TFM/data/processed/04_parse_dates/sales_orders/so-311344494/purchase_orders/4517459026/1-raw.csv doesnt have clearing date
[2026/06/10-18:37:14] [WARN] PO data /home/jorge/Documents/GitHub/TFM/data/processed/04_parse_dates/sales_orders/so-311344494/purchase_orders/4517459026/5-raw.csv doesnt have clearing date
[2026/06/10-18:37:14] [WARN] PO data /home/jorge/Documents/GitHub/TFM/data/processed/04_parse_dates/sales_orders/so-311344494/purchase_orders/4517459026/2-raw.csv doesnt have clearing date
[2026/06/10-18:37:14] [WARN] PO data /home/jorge/Documents/GitHub/TFM/data/processed/04_parse_dates/sales_orders/so-311344494/purchase_orders/4517459026/4-raw.csv doesnt have clearing date
[2026/06/10-18:37:14] [WARN] PO data /home/jorge/Documents/GitHub/TFM/data/processed/04_parse_dates/sales_orders/so-311344494/purchase_orders/4517459026/3-raw.csv doesnt have clearing date
[2026/06/10-18:37:14] [WARN] PO data /home/jorge/Documents/GitHub/TFM/data/processed/04_parse_dates/sales_orders/so-311344494/purchase_orders/4517448061/1-raw.csv doesnt have clearing date
[2026/06/10-18:37:14] [WARN] Sales invoice /home/jorge/Documents/GitHub/TFM/data/processed/04_parse_dates/sales_orders/so-311344494/sales_invoices/9450000263-raw.csv doesnt have clearing date
[2026/06/10-18:37:14] [WARN] PO data /home/jorge/Documents/GitHub/TFM/data/processed/04_parse_dates/sales_orders/so-311347221/purchase_orders/4517445187/1-raw.csv doesnt have clearing date
[2026/06/10-18:37:14] [WARN] PO data /home/jorge/Documents/GitHub/TFM/data/processed/04_parse_dates/sales_orders/so-311347221/purchase_orders/4517486279/1-raw.csv doesnt have clearing date
[2026/06/10-18:37:14] [WARN] PO data /home/jorge/Documents/GitHub/TFM/data/processed/04_parse_dates/sales_orders/so-311347221/purchase_orders/4517486279/2-raw.csv doesnt have clearing date
[2026/06/10-18:37:14] [WARN] PO data /home/jorge/Documents/GitHub/TFM/data/processed/04_parse_dates/sales_orders/so-311336003/purchase_orders/4517419519/1-raw.csv doesnt have clearing date
[2026/06/10-18:37:14] [WARN] PO data /home/jorge/Documents/GitHub/TFM/data/processed/04_parse_dates/sales_orders/so-311336003/purchase_orders/4517419519/2-raw.csv doesnt have clearing date
[2026/06/10-18:37:14] [WARN] Sales invoice /home/jorge/Documents/GitHub/TFM/data/processed/04_parse_dates/sales_orders/so-311359452/sales_invoices/9485101244-raw.csv doesnt have clearing date
[2026/06/10-18:37:14] [WARN] PO data /home/jorge/Documents/GitHub/TFM/data/processed/04_parse_dates/sales_orders/so-311357007/purchase_orders/4517467332/1-raw.csv doesnt have clearing date
[2026/06/10-18:37:14] [WARN] PO data /home/jorge/Documents/GitHub/TFM/data/processed/04_parse_dates/sales_orders/so-311357007/purchase_orders/4517467332/2-raw.csv doesnt have clearing date
[2026/06/10-18:37:14] [WARN] PO data /home/jorge/Documents/GitHub/TFM/data/processed/04_parse_dates/sales_orders/so-311357926/purchase_orders/4517490969/1-raw.csv doesnt have clearing date
[2026/06/10-18:37:14] [WARN] PO data /home/jorge/Documents/GitHub/TFM/data/processed/04_parse_dates/sales_orders/so-311357926/purchase_orders/4517490969/2-raw.csv doesnt have clearing date
[2026/06/10-18:37:14] [WARN] PO data /home/jorge/Documents/GitHub/TFM/data/processed/04_parse_dates/sales_orders/so-311356112/purchase_orders/4517466061/1-raw.csv doesnt have clearing date
[2026/06/10-18:37:14] [WARN] PO data /home/jorge/Documents/GitHub/TFM/data/processed/04_parse_dates/sales_orders/so-311364382/purchase_orders/4517481919/1-raw.csv doesnt have clearing date
[2026/06/10-18:37:14] [WARN] Sales invoice /home/jorge/Documents/GitHub/TFM/data/processed/04_parse_dates/sales_orders/so-311364382/sales_invoices/9400018021-raw.csv doesnt have clearing date
[2026/06/10-18:37:14] [WARN] PO data /home/jorge/Documents/GitHub/TFM/data/processed/04_parse_dates/sales_orders/so-311349688/purchase_orders/4517434052/1-raw.csv doesnt have clearing date
[2026/06/10-18:37:14] [WARN] PO data /home/jorge/Documents/GitHub/TFM/data/processed/04_parse_dates/sales_orders/so-311338740/purchase_orders/4517426601/1-raw.csv doesnt have clearing date
[2026/06/10-18:37:14] [WARN] PO data /home/jorge/Documents/GitHub/TFM/data/processed/04_parse_dates/sales_orders/so-311338740/purchase_orders/4517426601/2-raw.csv doesnt have clearing date
[2026/06/10-18:37:14] [WARN] PO data /home/jorge/Documents/GitHub/TFM/data/processed/04_parse_dates/sales_orders/so-311338740/purchase_orders/4517426601/4-raw.csv doesnt have clearing date
[2026/06/10-18:37:14] [WARN] PO data /home/jorge/Documents/GitHub/TFM/data/processed/04_parse_dates/sales_orders/so-311338740/purchase_orders/4517426601/3-raw.csv doesnt have clearing date
[2026/06/10-18:37:15] [WARN] PO data /home/jorge/Documents/GitHub/TFM/data/processed/04_parse_dates/sales_orders/so-311350434/purchase_orders/4517452065/1-raw.csv doesnt have clearing date
[2026/06/10-18:37:15] [WARN] PO data /home/jorge/Documents/GitHub/TFM/data/processed/04_parse_dates/sales_orders/so-311350827/purchase_orders/4517503117/1-raw.csv doesnt have clearing date
[2026/06/10-18:37:15] [WARN] PO data /home/jorge/Documents/GitHub/TFM/data/processed/04_parse_dates/sales_orders/so-311350827/purchase_orders/4517503117/2-raw.csv doesnt have clearing date
[2026/06/10-18:37:15] [WARN] PO data /home/jorge/Documents/GitHub/TFM/data/processed/04_parse_dates/sales_orders/so-311357528/purchase_orders/4517473805/1-raw.csv doesnt have clearing date
[2026/06/10-18:37:15] [WARN] PO data /home/jorge/Documents/GitHub/TFM/data/processed/04_parse_dates/sales_orders/so-311340372/purchase_orders/4517428796/1-raw.csv doesnt have clearing date
[2026/06/10-18:37:15] [WARN] PO data /home/jorge/Documents/GitHub/TFM/data/processed/04_parse_dates/sales_orders/so-311335057/purchase_orders/4517456114/1-raw.csv has an invalid clearing date
[2026/06/10-18:37:15] [WARN] PO data /home/jorge/Documents/GitHub/TFM/data/processed/04_parse_dates/sales_orders/so-311335057/purchase_orders/4517456114/2-raw.csv has an invalid clearing date
[2026/06/10-18:37:15] [WARN] PO data /home/jorge/Documents/GitHub/TFM/data/processed/04_parse_dates/sales_orders/so-311335057/purchase_orders/4517415053/1-raw.csv doesnt have clearing date
[2026/06/10-18:37:15] [WARN] PO data /home/jorge/Documents/GitHub/TFM/data/processed/04_parse_dates/sales_orders/so-311335057/purchase_orders/4517415053/2-raw.csv doesnt have clearing date
[2026/06/10-18:37:15] [WARN] PO data /home/jorge/Documents/GitHub/TFM/data/processed/04_parse_dates/sales_orders/so-311361105/purchase_orders/4517469046/1-raw.csv doesnt have clearing date
[2026/06/10-18:37:15] [WARN] PO data /home/jorge/Documents/GitHub/TFM/data/processed/04_parse_dates/sales_orders/so-311361105/purchase_orders/4517469046/2-raw.csv has an invalid clearing date
[2026/06/10-18:37:15] [WARN] PO data /home/jorge/Documents/GitHub/TFM/data/processed/04_parse_dates/sales_orders/so-311361105/purchase_orders/4517469046/4-raw.csv doesnt have clearing date
[2026/06/10-18:37:15] [WARN] PO data /home/jorge/Documents/GitHub/TFM/data/processed/04_parse_dates/sales_orders/so-311368466/purchase_orders/4517494934/1-raw.csv doesnt have clearing date
[2026/06/10-18:37:15] [WARN] Sales invoice /home/jorge/Documents/GitHub/TFM/data/processed/04_parse_dates/sales_orders/so-311368466/sales_invoices/9400017911-raw.csv doesnt have clearing date
[2026/06/10-18:37:15] [WARN] PO data /home/jorge/Documents/GitHub/TFM/data/processed/04_parse_dates/sales_orders/so-311337181/purchase_orders/4517440093/1-raw.csv doesnt have clearing date
[2026/06/10-18:37:15] [WARN] PO data /home/jorge/Documents/GitHub/TFM/data/processed/04_parse_dates/sales_orders/so-311337181/purchase_orders/4517440093/3-raw.csv doesnt have clearing date
[2026/06/10-18:37:15] [WARN] PO data /home/jorge/Documents/GitHub/TFM/data/processed/04_parse_dates/sales_orders/so-311352513/purchase_orders/4517490969/1-raw.csv doesnt have clearing date
[2026/06/10-18:37:15] [WARN] PO data /home/jorge/Documents/GitHub/TFM/data/processed/04_parse_dates/sales_orders/so-311352513/purchase_orders/4517490969/2-raw.csv doesnt have clearing date
[2026/06/10-18:37:15] [WARN] PO data /home/jorge/Documents/GitHub/TFM/data/processed/04_parse_dates/sales_orders/so-311352513/purchase_orders/4517469235/1-raw.csv doesnt have clearing date
[2026/06/10-18:37:15] [WARN] PO data /home/jorge/Documents/GitHub/TFM/data/processed/04_parse_dates/sales_orders/so-311352513/purchase_orders/4517469235/2-raw.csv doesnt have clearing date
[2026/06/10-18:37:15] [WARN] Sales invoice /home/jorge/Documents/GitHub/TFM/data/processed/04_parse_dates/sales_orders/so-311352513/sales_invoices/9485101159-raw.csv doesnt have clearing date
[2026/06/10-18:37:15] [WARN] Sales invoice /home/jorge/Documents/GitHub/TFM/data/processed/04_parse_dates/sales_orders/so-311352513/sales_invoices/9400014121-raw.csv doesnt have clearing date
[2026/06/10-18:37:15] [WARN] Sales invoice /home/jorge/Documents/GitHub/TFM/data/processed/04_parse_dates/sales_orders/so-311352513/sales_invoices/9405001506-raw.csv doesnt have clearing date
[2026/06/10-18:37:15] [WARN] PO data /home/jorge/Documents/GitHub/TFM/data/processed/04_parse_dates/sales_orders/so-311342799/purchase_orders/4517431879/1-raw.csv doesnt have clearing date
[2026/06/10-18:37:15] [WARN] Sales invoice /home/jorge/Documents/GitHub/TFM/data/processed/04_parse_dates/sales_orders/so-311342799/sales_invoices/9400008514-raw.csv doesnt have clearing date
[2026/06/10-18:37:15] [WARN] PO data /home/jorge/Documents/GitHub/TFM/data/processed/04_parse_dates/sales_orders/so-311346417/purchase_orders/4517436934/1-raw.csv doesnt have clearing date
[2026/06/10-18:37:15] [WARN] Sales invoice /home/jorge/Documents/GitHub/TFM/data/processed/04_parse_dates/sales_orders/so-311369908/sales_invoices/9400018247-raw.csv doesnt have clearing date
[2026/06/10-18:37:15] [WARN] PO data /home/jorge/Documents/GitHub/TFM/data/processed/04_parse_dates/sales_orders/so-311369466/purchase_orders/4517496946/1-raw.csv doesnt have clearing date
[2026/06/10-18:37:15] [WARN] Sales invoice /home/jorge/Documents/GitHub/TFM/data/processed/04_parse_dates/sales_orders/so-311369466/sales_invoices/9400018354-raw.csv doesnt have clearing date
[2026/06/10-18:37:15] [WARN] PO data /home/jorge/Documents/GitHub/TFM/data/processed/04_parse_dates/sales_orders/so-311359004/purchase_orders/4517505347/1-raw.csv has an invalid clearing date
[2026/06/10-18:37:15] [WARN] PO data /home/jorge/Documents/GitHub/TFM/data/processed/04_parse_dates/sales_orders/so-311340042/purchase_orders/4517430699/1-raw.csv doesnt have clearing date
[2026/06/10-18:37:15] [WARN] PO data /home/jorge/Documents/GitHub/TFM/data/processed/04_parse_dates/sales_orders/so-311340042/purchase_orders/4517430699/2-raw.csv doesnt have clearing date
[2026/06/10-18:37:15] [WARN] PO data /home/jorge/Documents/GitHub/TFM/data/processed/04_parse_dates/sales_orders/so-311340042/purchase_orders/4517430699/3-raw.csv doesnt have clearing date
[2026/06/10-18:37:15] [WARN] Sales invoice /home/jorge/Documents/GitHub/TFM/data/processed/04_parse_dates/sales_orders/so-311340042/sales_invoices/9400008510-raw.csv doesnt have clearing date
[2026/06/10-18:37:15] [WARN] PO data /home/jorge/Documents/GitHub/TFM/data/processed/04_parse_dates/sales_orders/so-311355051/purchase_orders/4517476456/1-raw.csv doesnt have clearing date
[2026/06/10-18:37:15] [WARN] PO data /home/jorge/Documents/GitHub/TFM/data/processed/04_parse_dates/sales_orders/so-311355051/purchase_orders/4517476456/5-raw.csv doesnt have clearing date
[2026/06/10-18:37:15] [WARN] PO data /home/jorge/Documents/GitHub/TFM/data/processed/04_parse_dates/sales_orders/so-311355051/purchase_orders/4517476456/2-raw.csv doesnt have clearing date
[2026/06/10-18:37:15] [WARN] PO data /home/jorge/Documents/GitHub/TFM/data/processed/04_parse_dates/sales_orders/so-311355051/purchase_orders/4517476456/4-raw.csv doesnt have clearing date
[2026/06/10-18:37:15] [WARN] PO data /home/jorge/Documents/GitHub/TFM/data/processed/04_parse_dates/sales_orders/so-311355051/purchase_orders/4517476456/3-raw.csv doesnt have clearing date
[2026/06/10-18:37:15] [WARN] PO data /home/jorge/Documents/GitHub/TFM/data/processed/04_parse_dates/sales_orders/so-311355326/purchase_orders/4517464901/1-raw.csv doesnt have clearing date
[2026/06/10-18:37:15] [WARN] PO data /home/jorge/Documents/GitHub/TFM/data/processed/04_parse_dates/sales_orders/so-311355326/purchase_orders/4517464901/2-raw.csv doesnt have clearing date
[2026/06/10-18:37:15] [WARN] PO data /home/jorge/Documents/GitHub/TFM/data/processed/04_parse_dates/sales_orders/so-311355326/purchase_orders/4517464901/3-raw.csv doesnt have clearing date
[2026/06/10-18:37:15] [WARN] PO data /home/jorge/Documents/GitHub/TFM/data/processed/04_parse_dates/sales_orders/so-311369277/purchase_orders/4517503305/1-raw.csv doesnt have clearing date
[2026/06/10-18:37:15] [WARN] PO data /home/jorge/Documents/GitHub/TFM/data/processed/04_parse_dates/sales_orders/so-311369277/purchase_orders/4517503305/2-raw.csv doesnt have clearing date
[2026/06/10-18:37:15] [WARN] PO data /home/jorge/Documents/GitHub/TFM/data/processed/04_parse_dates/sales_orders/so-311351126/purchase_orders/4517453590/1-raw.csv doesnt have clearing date
[2026/06/10-18:37:15] [WARN] PO data /home/jorge/Documents/GitHub/TFM/data/processed/04_parse_dates/sales_orders/so-311351126/purchase_orders/4517453590/2-raw.csv doesnt have clearing date
[2026/06/10-18:37:15] [WARN] Sales invoice /home/jorge/Documents/GitHub/TFM/data/processed/04_parse_dates/sales_orders/so-311346165/sales_invoices/9450000195-raw.csv doesnt have clearing date
[2026/06/10-18:37:15] [INFO] Total PO line entries: 924
[2026/06/10-18:37:15] [INFO] Total sales invoices: 646
[2026/06/10-18:37:15] [INFO] Missing clearings on PO: 41.77489177489178%
[2026/06/10-18:37:15] [INFO] Missing clearings on sales invoices: 13.93188854489164%
