[2026/06/10-10:16:10] [INFO] ==================== CONVERT PROCESSED INTO OUTPUT ====================
[2026/06/10-10:16:10] [INFO] Last processed step: /home/jorge/Documents/GitHub/TFM/data/processed/06_separate_X_y/sales_orders
[2026/06/10-10:16:10] [WARN] No invoices with clearing found for 311367186
[2026/06/10-10:16:10] [WARN] No invoices with clearing found for 311335423
[2026/06/10-10:16:10] [WARN] No invoices with clearing found for 311372991
[2026/06/10-10:16:10] [WARN] No invoices with clearing found for 311370001
[2026/06/10-10:16:11] [WARN] No invoices with clearing found for 4 different SAP
[2026/06/10-10:16:12] [WARN] No invoices with clearing found for 311369154
[2026/06/10-10:16:12] [WARN] No invoices with clearing found for 311369166
[2026/06/10-10:16:12] [WARN] No invoices with clearing found for 311353000
[2026/06/10-10:16:12] [WARN] No invoices with clearing found for 311364382
[2026/06/10-10:16:12] [WARN] No invoices with clearing found for 311368466
[2026/06/10-10:16:12] [WARN] No invoices with clearing found for 311352513
[2026/06/10-10:16:12] [WARN] No invoices with clearing found for 311342799
[2026/06/10-10:16:13] [WARN] No invoices with clearing found for 311369466
[2026/06/10-10:16:13] [WARN] No invoices with clearing found for 311369277
[2026/06/10-10:16:13] [WARN] No invoices with clearing found for 311351126
[2026/06/10-10:16:13] [INFO] Final data_cleaning_output:
[2026/06/10-10:16:13] [INFO] Total sales orders: 320
[2026/06/10-10:16:13] [INFO] Total complete sales orders: 138 (43.125%)
[2026/06/10-10:16:13] [INFO] Total invoices: 1348
[2026/06/10-10:16:13] [INFO] Total invoices w/ clearing: 985 (73.07121661721068%)
[2026/06/10-10:16:13] [INFO] Total invoices w/ complete clearings: 443 (32.86350148367953%)
