[2026/06/10-10:10:23] [INFO] ==================== CONVERT PROCESSED INTO OUTPUT ====================
[2026/06/10-10:10:23] [INFO] Last processed step: /home/jorge/Documents/GitHub/TFM/data/processed/06_separate_X_y/sales_orders
[2026/06/10-10:10:23] [WARN] No invoices with clearing found for 311367186
[2026/06/10-10:10:23] [WARN] No invoices with clearing found for 311335423
[2026/06/10-10:10:23] [WARN] No invoices with clearing found for 311370001
[2026/06/10-10:10:24] [WARN] No invoices with clearing found for 4 different SAP
[2026/06/10-10:10:25] [WARN] No invoices with clearing found for 311369154
[2026/06/10-10:10:25] [WARN] No invoices with clearing found for 311369166
[2026/06/10-10:10:25] [WARN] No invoices with clearing found for 311353000
[2026/06/10-10:10:25] [WARN] No invoices with clearing found for 311364382
[2026/06/10-10:10:25] [WARN] No invoices with clearing found for 311368466
[2026/06/10-10:10:25] [WARN] No invoices with clearing found for 311352513
[2026/06/10-10:10:25] [WARN] No invoices with clearing found for 311342799
[2026/06/10-10:10:26] [WARN] No invoices with clearing found for 311369466
[2026/06/10-10:10:26] [WARN] No invoices with clearing found for 311369277
[2026/06/10-10:10:26] [WARN] No invoices with clearing found for 311351126
[2026/06/10-10:10:26] [INFO] Final data_cleaning_output:
[2026/06/10-10:10:26] [INFO] Total sales orders: 320
[2026/06/10-10:10:26] [INFO] Total complete sales orders: 145 (45.3125%)
[2026/06/10-10:10:26] [INFO] Total invoices: 1348
[2026/06/10-10:10:26] [INFO] Total invoices w/ clearing: 1015 (75.29673590504451%)
[2026/06/10-10:10:26] [INFO] Total invoices w/ complete clearings: 478 (35.459940652818986%)
