[2026/05/28-18:00:47] [INFO] ==================== CONVERT PROCESSED INTO OUTPUT ====================
[2026/05/28-18:00:47] [INFO] Last processed step: /home/jorge/Documents/GitHub/TFM/data/processed/07_clean_columns/sales_orders
[2026/05/28-18:00:47] [WARN] No invoices with clearing found for 311367186
[2026/05/28-18:00:47] [WARN] No invoices with clearing found for 311335423
[2026/05/28-18:00:48] [WARN] No invoices with clearing found for 311370001
[2026/05/28-18:00:48] [WARN] No invoices with clearing found for 4 different SAP
[2026/05/28-18:00:49] [WARN] No invoices with clearing found for 311369154
[2026/05/28-18:00:49] [WARN] No invoices with clearing found for 311369166
[2026/05/28-18:00:50] [WARN] No invoices with clearing found for 311353000
[2026/05/28-18:00:50] [WARN] No invoices with clearing found for 311364382
[2026/05/28-18:00:50] [WARN] No invoices with clearing found for 311368466
[2026/05/28-18:00:50] [WARN] No invoices with clearing found for 311352513
[2026/05/28-18:00:50] [WARN] No invoices with clearing found for 311342799
[2026/05/28-18:00:50] [WARN] No invoices with clearing found for 311369466
[2026/05/28-18:00:50] [WARN] No invoices with clearing found for 311369277
[2026/05/28-18:00:50] [WARN] No invoices with clearing found for 311351126
[2026/05/28-18:00:50] [INFO] Final output:
[2026/05/28-18:00:50] [INFO] Total sales orders: 320
[2026/05/28-18:00:50] [INFO] Total invoices: 1348
[2026/05/28-18:00:50] [INFO] Total invoices w/ clearing: 478 (35.459940652818986%)
