[2026/05/25-12:01:47] [INFO] ==================== CLEAN EMPTY ====================
[2026/05/25-12:01:47] [INFO] 386 sales orders present
[2026/05/25-12:01:47] [INFO] so-311353554 is empty
[2026/05/25-12:01:47] [INFO] so-94PO-00200 is empty
[2026/05/25-12:01:47] [INFO] so-311344465 is empty
[2026/05/25-12:01:47] [INFO] so-311344801 is empty
[2026/05/25-12:01:47] [INFO] so-311371830 is empty
[2026/05/25-12:01:47] [INFO] so-311370716 is empty
[2026/05/25-12:01:47] [INFO] so-311370575 is empty
[2026/05/25-12:01:47] [INFO] so-311372316 is empty
[2026/05/25-12:01:47] [INFO] so-311371542 is empty
[2026/05/25-12:01:47] [INFO] so-311372991 is empty
[2026/05/25-12:01:47] [INFO] so-30517628 is empty
[2026/05/25-12:01:47] [INFO] so-311339883 is empty
[2026/05/25-12:01:47] [INFO] so-311344654 is empty
[2026/05/25-12:01:47] [INFO] so-311370001 is empty
[2026/05/25-12:01:47] [INFO] so-311367174 is empty
[2026/05/25-12:01:47] [INFO] so-311356142 is empty
[2026/05/25-12:01:47] [INFO] so-311371911 is empty
[2026/05/25-12:01:47] [INFO] so-311365961 is empty
[2026/05/25-12:01:47] [INFO] so-311374252 is empty
[2026/05/25-12:01:47] [INFO] so-311372291 is empty
[2026/05/25-12:01:47] [INFO] so-311343158 is empty
[2026/05/25-12:01:47] [INFO] so-311363962 is empty
[2026/05/25-12:01:47] [INFO] so-311335821 is empty
[2026/05/25-12:01:47] [INFO] so-311372390 is empty
[2026/05/25-12:01:47] [INFO] so-311363917 is empty
[2026/05/25-12:01:47] [INFO] so-311355397 is empty
[2026/05/25-12:01:47] [INFO] so-311371432 is empty
[2026/05/25-12:01:47] [INFO] so-311371389 is empty
[2026/05/25-12:01:47] [INFO] so-0311365843 is empty
[2026/05/25-12:01:47] [INFO] so-0311335917 is empty
[2026/05/25-12:01:47] [INFO] so-311374038 is empty
[2026/05/25-12:01:47] [INFO] so-311371610 is empty
[2026/05/25-12:01:47] [INFO] so-311358008 is empty
[2026/05/25-12:01:47] [INFO] so-311367334 is empty
[2026/05/25-12:01:47] [INFO] so-4 different SAP is empty
[2026/05/25-12:01:47] [INFO] so-311353684 is empty
[2026/05/25-12:01:47] [INFO] so-311368221 is empty
[2026/05/25-12:01:47] [INFO] so-311371355 is empty
[2026/05/25-12:01:47] [INFO] so-311336843 is empty
[2026/05/25-12:01:47] [INFO] so-311343405 is empty
[2026/05/25-12:01:47] [INFO] so-94PO-00151 is empty
[2026/05/25-12:01:47] [INFO] so-311338517 is empty
[2026/05/25-12:01:47] [INFO] so-311360224 is empty
[2026/05/25-12:01:47] [INFO] so-311345918 is empty
[2026/05/25-12:01:47] [INFO] so-0311353684 is empty
[2026/05/25-12:01:47] [INFO] so-311359707 is empty
[2026/05/25-12:01:47] [INFO] so-30516190 is empty
[2026/05/25-12:01:47] [INFO] so-311351306 is empty
[2026/05/25-12:01:47] [INFO] so-311339261 is empty
[2026/05/25-12:01:47] [INFO] so-311373214 is empty
[2026/05/25-12:01:47] [INFO] so-311358341 is empty
[2026/05/25-12:01:47] [INFO] so-311351125 is empty
[2026/05/25-12:01:47] [INFO] so-311364471 is empty
[2026/05/25-12:01:47] [INFO] so-311370964 is empty
[2026/05/25-12:01:47] [INFO] so-311348296 is empty
[2026/05/25-12:01:47] [INFO] so-311372128 is empty
[2026/05/25-12:01:47] [INFO] so-311345559 is empty
[2026/05/25-12:01:47] [INFO] so-311335917 is empty
[2026/05/25-12:01:47] [INFO] so-311370466 is empty
[2026/05/25-12:01:47] [INFO] so-311362142 is empty
[2026/05/25-12:01:47] [INFO] so-311357148 is empty
[2026/05/25-12:01:47] [INFO] so-311353852 is empty
[2026/05/25-12:01:47] [INFO] so-311359107 is empty
[2026/05/25-12:01:47] [INFO] so-311369429 is empty
[2026/05/25-12:01:47] [INFO] so-311358487 is empty
[2026/05/25-12:01:47] [INFO] so-311371205 is empty
[2026/05/25-12:01:47] [INFO] so-311368122 is empty
[2026/05/25-12:01:47] [INFO] so-311370487 is empty
[2026/05/25-12:01:47] [INFO] so-311371658 is empty
[2026/05/25-12:01:47] [INFO] so-311360223 is empty
[2026/05/25-12:01:47] [INFO] so-311356797 is empty
[2026/05/25-12:01:47] [INFO] so-311341794 is empty
[2026/05/25-12:01:47] [INFO] so-311369949 is empty
[2026/05/25-12:01:47] [INFO] so-311369154 is empty
[2026/05/25-12:01:47] [INFO] so-311362111 is empty
[2026/05/25-12:01:47] [INFO] so-311369166 is empty
[2026/05/25-12:01:47] [INFO] so-311365150 is empty
[2026/05/25-12:01:47] [INFO] so-311369777 is empty
[2026/05/25-12:01:47] [INFO] so-311368821 is empty
[2026/05/25-12:01:47] [INFO] so-94PO-00180 is empty
[2026/05/25-12:01:47] [INFO] so-311367318 is empty
[2026/05/25-12:01:47] [INFO] so-311343416 is empty
[2026/05/25-12:01:47] [INFO] so-311351948 is empty
[2026/05/25-12:01:47] [INFO] so-311345464 is empty
[2026/05/25-12:01:47] [INFO] so-311370379 is empty
[2026/05/25-12:01:47] [INFO] so-311355639 is empty
[2026/05/25-12:01:47] [INFO] so-311348886 is empty
[2026/05/25-12:01:47] [INFO] so-311353507 is empty
[2026/05/25-12:01:47] [INFO] so-311355498 is empty
[2026/05/25-12:01:47] [INFO] so-311360391 is empty
[2026/05/25-12:01:47] [INFO] so-0311346017 is empty
[2026/05/25-12:01:47] [INFO] so-311368166 is empty
[2026/05/25-12:01:47] [INFO] so-311372845 is empty
[2026/05/25-12:01:47] [INFO] so-311353000 is empty
[2026/05/25-12:01:47] [INFO] so-311374352 is empty
[2026/05/25-12:01:47] [INFO] so-311355294 is empty
[2026/05/25-12:01:47] [INFO] so-3Orders32145201 is empty
[2026/05/25-12:01:47] [INFO] so-311349558 is empty
[2026/05/25-12:01:47] [INFO] so-311359452 is empty
[2026/05/25-12:01:47] [INFO] so-311370290 is empty
[2026/05/25-12:01:47] [INFO] so-311372584 is empty
[2026/05/25-12:01:47] [INFO] so-311337183 is empty
[2026/05/25-12:01:47] [INFO] so-311344338 is empty
[2026/05/25-12:01:47] [INFO] so-311342962 is empty
[2026/05/25-12:01:47] [INFO] so-311332632 is empty
[2026/05/25-12:01:47] [WARN] missing_so.csv is not a directory, skipping
[2026/05/25-12:01:47] [INFO] so-311369277 is empty
[2026/05/25-12:01:47] [INFO] so-311351126 is empty
[2026/05/25-12:01:47] [INFO] so-311375427 is empty
[2026/05/25-12:01:47] [INFO] 278 non-empty sales orders present. Removed 108 (27.979274611398964%)
